{"C:\\Users\\USER\\.gemini\\antigravity\\scratch\\McNuels_IncorgniHealth\\server\\middleware\\auth.js": {"path":"C:\\Users\\USER\\.gemini\\antigravity\\scratch\\McNuels_IncorgniHealth\\server\\middleware\\auth.js","statementMap":{"0":{"start":{"line":1,"column":12},"end":{"line":1,"column":35}},"1":{"start":{"line":2,"column":23},"end":{"line":2,"column":49}},"2":{"start":{"line":4,"column":0},"end":{"line":20,"column":2}},"3":{"start":{"line":6,"column":16},"end":{"line":6,"column":42}},"4":{"start":{"line":9,"column":2},"end":{"line":11,"column":3}},"5":{"start":{"line":10,"column":4},"end":{"line":10,"column":75}},"6":{"start":{"line":13,"column":2},"end":{"line":19,"column":3}},"7":{"start":{"line":14,"column":20},"end":{"line":14,"column":49}},"8":{"start":{"line":15,"column":4},"end":{"line":15,"column":28}},"9":{"start":{"line":16,"column":4},"end":{"line":16,"column":11}},"10":{"start":{"line":18,"column":4},"end":{"line":18,"column":56}}},"fnMap":{"0":{"name":"(anonymous_0)","decl":{"start":{"line":4,"column":17},"end":{"line":4,"column":18}},"loc":{"start":{"line":4,"column":42},"end":{"line":20,"column":1}},"line":4}},"branchMap":{"0":{"loc":{"start":{"line":9,"column":2},"end":{"line":11,"column":3}},"type":"if","locations":[{"start":{"line":9,"column":2},"end":{"line":11,"column":3}},{"start":{},"end":{}}],"line":9}},"s":{"0":1,"1":1,"2":1,"3":0,"4":0,"5":0,"6":0,"7":0,"8":0,"9":0,"10":0},"f":{"0":0},"b":{"0":[0,0]},"_coverageSchema":"1a1c01bbd47fc00a2c39e90264f33305004495a9","hash":"42a22d702eac836c34927e24c4bff2b7edb20510"}
,"C:\\Users\\USER\\.gemini\\antigravity\\scratch\\McNuels_IncorgniHealth\\server\\middleware\\validate.js": {"path":"C:\\Users\\USER\\.gemini\\antigravity\\scratch\\McNuels_IncorgniHealth\\server\\middleware\\validate.js","statementMap":{"0":{"start":{"line":1,"column":21},"end":{"line":1,"column":35}},"1":{"start":{"line":11,"column":2},"end":{"line":29,"column":4}},"2":{"start":{"line":12,"column":4},"end":{"line":28,"column":5}},"3":{"start":{"line":13,"column":21},"end":{"line":13,"column":46}},"4":{"start":{"line":14,"column":6},"end":{"line":14,"column":27}},"5":{"start":{"line":15,"column":6},"end":{"line":15,"column":13}},"6":{"start":{"line":17,"column":6},"end":{"line":26,"column":7}},"7":{"start":{"line":18,"column":23},"end":{"line":21,"column":11}},"8":{"start":{"line":18,"column":60},"end":{"line":21,"column":9}},"9":{"start":{"line":22,"column":8},"end":{"line":25,"column":11}},"10":{"start":{"line":27,"column":6},"end":{"line":27,"column":16}},"11":{"start":{"line":32,"column":0},"end":{"line":32,"column":26}}},"fnMap":{"0":{"name":"validate","decl":{"start":{"line":10,"column":9},"end":{"line":10,"column":17}},"loc":{"start":{"line":10,"column":43},"end":{"line":30,"column":1}},"line":10},"1":{"name":"(anonymous_1)","decl":{"start":{"line":11,"column":9},"end":{"line":11,"column":10}},"loc":{"start":{"line":11,"column":29},"end":{"line":29,"column":3}},"line":11},"2":{"name":"(anonymous_2)","decl":{"start":{"line":18,"column":54},"end":{"line":18,"column":55}},"loc":{"start":{"line":18,"column":60},"end":{"line":21,"column":9}},"line":18}},"branchMap":{"0":{"loc":{"start":{"line":10,"column":26},"end":{"line":10,"column":41}},"type":"default-arg","locations":[{"start":{"line":10,"column":35},"end":{"line":10,"column":41}}],"line":10},"1":{"loc":{"start":{"line":17,"column":6},"end":{"line":26,"column":7}},"type":"if","locations":[{"start":{"line":17,"column":6},"end":{"line":26,"column":7}},{"start":{},"end":{}}],"line":17},"2":{"loc":{"start":{"line":18,"column":24},"end":{"line":18,"column":48}},"type":"binary-expr","locations":[{"start":{"line":18,"column":24},"end":{"line":18,"column":34}},{"start":{"line":18,"column":38},"end":{"line":18,"column":48}}],"line":18}},"s":{"0":2,"1":8,"2":14,"3":14,"4":12,"5":12,"6":2,"7":2,"8":2,"9":2,"10":0,"11":2},"f":{"0":8,"1":14,"2":2},"b":{"0":[8],"1":[2,0],"2":[2,2]},"_coverageSchema":"1a1c01bbd47fc00a2c39e90264f33305004495a9","hash":"c5e98455a990b25897f25db19d0c67af7fa2862b"}
,"C:\\Users\\USER\\.gemini\\antigravity\\scratch\\McNuels_IncorgniHealth\\server\\routes\\auth.js": {"path":"C:\\Users\\USER\\.gemini\\antigravity\\scratch\\McNuels_IncorgniHealth\\server\\routes\\auth.js","statementMap":{"0":{"start":{"line":1,"column":16},"end":{"line":1,"column":34}},"1":{"start":{"line":2,"column":15},"end":{"line":2,"column":31}},"2":{"start":{"line":3,"column":12},"end":{"line":3,"column":35}},"3":{"start":{"line":4,"column":15},"end":{"line":4,"column":32}},"4":{"start":{"line":5,"column":14},"end":{"line":5,"column":28}},"5":{"start":{"line":6,"column":15},"end":{"line":6,"column":31}},"6":{"start":{"line":7,"column":76},"end":{"line":7,"column":102}},"7":{"start":{"line":8,"column":15},"end":{"line":8,"column":41}},"8":{"start":{"line":9,"column":17},"end":{"line":9,"column":50}},"9":{"start":{"line":10,"column":24},"end":{"line":10,"column":58}},"10":{"start":{"line":11,"column":13},"end":{"line":11,"column":42}},"11":{"start":{"line":14,"column":17},"end":{"line":14,"column":26}},"12":{"start":{"line":17,"column":21},"end":{"line":21,"column":2}},"13":{"start":{"line":23,"column":21},"end":{"line":29,"column":2}},"14":{"start":{"line":31,"column":22},"end":{"line":33,"column":2}},"15":{"start":{"line":35,"column":24},"end":{"line":38,"column":2}},"16":{"start":{"line":40,"column":28},"end":{"line":40,"column":33}},"17":{"start":{"line":41,"column":29},"end":{"line":41,"column":34}},"18":{"start":{"line":44,"column":22},"end":{"line":44,"column":101}},"19":{"start":{"line":45,"column":23},"end":{"line":45,"column":61}},"20":{"start":{"line":46,"column":2},"end":{"line":46,"column":39}},"21":{"start":{"line":51,"column":15},"end":{"line":51,"column":20}},"22":{"start":{"line":52,"column":18},"end":{"line":52,"column":22}},"23":{"start":{"line":53,"column":18},"end":{"line":53,"column":20}},"24":{"start":{"line":55,"column":2},"end":{"line":65,"column":3}},"25":{"start":{"line":56,"column":4},"end":{"line":64,"column":5}},"26":{"start":{"line":57,"column":6},"end":{"line":57,"column":50}},"27":{"start":{"line":58,"column":6},"end":{"line":61,"column":7}},"28":{"start":{"line":59,"column":8},"end":{"line":59,"column":22}},"29":{"start":{"line":60,"column":8},"end":{"line":60,"column":40}},"30":{"start":{"line":63,"column":6},"end":{"line":63,"column":83}},"31":{"start":{"line":67,"column":22},"end":{"line":67,"column":77}},"32":{"start":{"line":68,"column":2},"end":{"line":88,"column":3}},"33":{"start":{"line":69,"column":31},"end":{"line":69,"column":55}},"34":{"start":{"line":70,"column":23},"end":{"line":70,"column":28}},"35":{"start":{"line":71,"column":4},"end":{"line":79,"column":5}},"36":{"start":{"line":72,"column":6},"end":{"line":72,"column":35}},"37":{"start":{"line":73,"column":6},"end":{"line":73,"column":38}},"38":{"start":{"line":74,"column":6},"end":{"line":77,"column":9}},"39":{"start":{"line":78,"column":6},"end":{"line":78,"column":26}},"40":{"start":{"line":81,"column":22},"end":{"line":81,"column":102}},"41":{"start":{"line":82,"column":4},"end":{"line":87,"column":7}},"42":{"start":{"line":91,"column":22},"end":{"line":91,"column":79}},"43":{"start":{"line":92,"column":40},"end":{"line":92,"column":70}},"44":{"start":{"line":94,"column":2},"end":{"line":97,"column":5}},"45":{"start":{"line":99,"column":2},"end":{"line":103,"column":5}},"46":{"start":{"line":108,"column":0},"end":{"line":141,"column":3}},"47":{"start":{"line":109,"column":2},"end":{"line":140,"column":3}},"48":{"start":{"line":110,"column":22},"end":{"line":110,"column":30}},"49":{"start":{"line":111,"column":22},"end":{"line":111,"column":58}},"50":{"start":{"line":113,"column":25},"end":{"line":115,"column":6}},"51":{"start":{"line":117,"column":4},"end":{"line":122,"column":5}},"52":{"start":{"line":118,"column":6},"end":{"line":121,"column":9}},"53":{"start":{"line":125,"column":20},"end":{"line":125,"column":74}},"54":{"start":{"line":126,"column":20},"end":{"line":126,"column":46}},"55":{"start":{"line":128,"column":4},"end":{"line":128,"column":72}},"56":{"start":{"line":129,"column":4},"end":{"line":129,"column":73}},"57":{"start":{"line":131,"column":4},"end":{"line":136,"column":7}},"58":{"start":{"line":138,"column":4},"end":{"line":138,"column":63}},"59":{"start":{"line":139,"column":4},"end":{"line":139,"column":50}},"60":{"start":{"line":145,"column":0},"end":{"line":205,"column":3}},"61":{"start":{"line":146,"column":2},"end":{"line":204,"column":3}},"62":{"start":{"line":147,"column":58},"end":{"line":147,"column":66}},"63":{"start":{"line":148,"column":22},"end":{"line":148,"column":58}},"64":{"start":{"line":149,"column":20},"end":{"line":149,"column":33}},"65":{"start":{"line":151,"column":15},"end":{"line":153,"column":6}},"66":{"start":{"line":155,"column":4},"end":{"line":197,"column":5}},"67":{"start":{"line":157,"column":6},"end":{"line":163,"column":7}},"68":{"start":{"line":158,"column":8},"end":{"line":161,"column":11}},"69":{"start":{"line":162,"column":8},"end":{"line":162,"column":31}},"70":{"start":{"line":166,"column":6},"end":{"line":168,"column":7}},"71":{"start":{"line":167,"column":8},"end":{"line":167,"column":84}},"72":{"start":{"line":171,"column":6},"end":{"line":173,"column":7}},"73":{"start":{"line":172,"column":8},"end":{"line":172,"column":85}},"74":{"start":{"line":175,"column":21},"end":{"line":175,"column":61}},"75":{"start":{"line":176,"column":6},"end":{"line":178,"column":7}},"76":{"start":{"line":177,"column":8},"end":{"line":177,"column":92}},"77":{"start":{"line":179,"column":6},"end":{"line":179,"column":50}},"78":{"start":{"line":182,"column":20},"end":{"line":182,"column":37}},"79":{"start":{"line":183,"column":6},"end":{"line":185,"column":7}},"80":{"start":{"line":184,"column":8},"end":{"line":184,"column":36}},"81":{"start":{"line":187,"column":6},"end":{"line":195,"column":9}},"82":{"start":{"line":196,"column":6},"end":{"line":196,"column":93}},"83":{"start":{"line":200,"column":4},"end":{"line":200,"column":39}},"84":{"start":{"line":202,"column":4},"end":{"line":202,"column":65}},"85":{"start":{"line":203,"column":4},"end":{"line":203,"column":50}},"86":{"start":{"line":209,"column":0},"end":{"line":258,"column":3}},"87":{"start":{"line":210,"column":2},"end":{"line":257,"column":3}},"88":{"start":{"line":211,"column":32},"end":{"line":211,"column":40}},"89":{"start":{"line":213,"column":4},"end":{"line":217,"column":5}},"90":{"start":{"line":214,"column":6},"end":{"line":214,"column":50}},"91":{"start":{"line":216,"column":6},"end":{"line":216,"column":84}},"92":{"start":{"line":219,"column":27},"end":{"line":219,"column":34}},"93":{"start":{"line":220,"column":17},"end":{"line":220,"column":76}},"94":{"start":{"line":221,"column":4},"end":{"line":223,"column":5}},"95":{"start":{"line":222,"column":6},"end":{"line":222,"column":61}},"96":{"start":{"line":225,"column":4},"end":{"line":227,"column":5}},"97":{"start":{"line":226,"column":6},"end":{"line":226,"column":80}},"98":{"start":{"line":229,"column":22},"end":{"line":229,"column":53}},"99":{"start":{"line":230,"column":22},"end":{"line":230,"column":41}},"100":{"start":{"line":231,"column":4},"end":{"line":233,"column":5}},"101":{"start":{"line":232,"column":6},"end":{"line":232,"column":80}},"102":{"start":{"line":235,"column":27},"end":{"line":235,"column":51}},"103":{"start":{"line":236,"column":4},"end":{"line":238,"column":5}},"104":{"start":{"line":237,"column":6},"end":{"line":237,"column":74}},"105":{"start":{"line":241,"column":24},"end":{"line":241,"column":81}},"106":{"start":{"line":242,"column":42},"end":{"line":242,"column":72}},"107":{"start":{"line":244,"column":4},"end":{"line":247,"column":7}},"108":{"start":{"line":249,"column":4},"end":{"line":253,"column":7}},"109":{"start":{"line":255,"column":4},"end":{"line":255,"column":67}},"110":{"start":{"line":256,"column":4},"end":{"line":256,"column":50}},"111":{"start":{"line":261,"column":27},"end":{"line":264,"column":2}},"112":{"start":{"line":266,"column":25},"end":{"line":266,"column":55}},"113":{"start":{"line":268,"column":25},"end":{"line":268,"column":53}},"114":{"start":{"line":269,"column":0},"end":{"line":271,"column":1}},"115":{"start":{"line":270,"column":2},"end":{"line":270,"column":95}},"116":{"start":{"line":272,"column":21},"end":{"line":272,"column":55}},"117":{"start":{"line":274,"column":0},"end":{"line":315,"column":3}},"118":{"start":{"line":275,"column":2},"end":{"line":314,"column":3}},"119":{"start":{"line":276,"column":30},"end":{"line":276,"column":38}},"120":{"start":{"line":279,"column":19},"end":{"line":282,"column":6}},"121":{"start":{"line":283,"column":20},"end":{"line":283,"column":39}},"122":{"start":{"line":284,"column":21},"end":{"line":284,"column":35}},"123":{"start":{"line":285,"column":18},"end":{"line":285,"column":34}},"124":{"start":{"line":288,"column":15},"end":{"line":290,"column":6}},"125":{"start":{"line":292,"column":4},"end":{"line":307,"column":5}},"126":{"start":{"line":293,"column":20},"end":{"line":293,"column":37}},"127":{"start":{"line":294,"column":6},"end":{"line":296,"column":7}},"128":{"start":{"line":295,"column":8},"end":{"line":295,"column":36}},"129":{"start":{"line":298,"column":6},"end":{"line":305,"column":9}},"130":{"start":{"line":306,"column":6},"end":{"line":306,"column":74}},"131":{"start":{"line":310,"column":4},"end":{"line":310,"column":39}},"132":{"start":{"line":312,"column":4},"end":{"line":312,"column":62}},"133":{"start":{"line":313,"column":4},"end":{"line":313,"column":58}},"134":{"start":{"line":318,"column":0},"end":{"line":351,"column":3}},"135":{"start":{"line":319,"column":2},"end":{"line":350,"column":3}},"136":{"start":{"line":320,"column":29},"end":{"line":320,"column":37}},"137":{"start":{"line":321,"column":26},"end":{"line":321,"column":48}},"138":{"start":{"line":323,"column":17},"end":{"line":325,"column":6}},"139":{"start":{"line":327,"column":4},"end":{"line":329,"column":5}},"140":{"start":{"line":328,"column":6},"end":{"line":328,"column":68}},"141":{"start":{"line":331,"column":24},"end":{"line":331,"column":81}},"142":{"start":{"line":332,"column":22},"end":{"line":332,"column":52}},"143":{"start":{"line":335,"column":4},"end":{"line":338,"column":7}},"144":{"start":{"line":340,"column":4},"end":{"line":340,"column":64}},"145":{"start":{"line":342,"column":4},"end":{"line":346,"column":7}},"146":{"start":{"line":348,"column":4},"end":{"line":348,"column":58}},"147":{"start":{"line":349,"column":4},"end":{"line":349,"column":50}},"148":{"start":{"line":354,"column":0},"end":{"line":365,"column":3}},"149":{"start":{"line":355,"column":2},"end":{"line":364,"column":3}},"150":{"start":{"line":356,"column":4},"end":{"line":359,"column":7}},"151":{"start":{"line":360,"column":4},"end":{"line":360,"column":36}},"152":{"start":{"line":362,"column":4},"end":{"line":362,"column":57}},"153":{"start":{"line":363,"column":4},"end":{"line":363,"column":50}},"154":{"start":{"line":367,"column":0},"end":{"line":367,"column":24}}},"fnMap":{"0":{"name":"generateTokenPair","decl":{"start":{"line":43,"column":9},"end":{"line":43,"column":26}},"loc":{"start":{"line":43,"column":40},"end":{"line":47,"column":1}},"line":43},"1":{"name":"handleAuthSuccess","decl":{"start":{"line":50,"column":15},"end":{"line":50,"column":32}},"loc":{"start":{"line":50,"column":44},"end":{"line":104,"column":1}},"line":50},"2":{"name":"(anonymous_2)","decl":{"start":{"line":108,"column":60},"end":{"line":108,"column":61}},"loc":{"start":{"line":108,"column":80},"end":{"line":141,"column":1}},"line":108},"3":{"name":"(anonymous_3)","decl":{"start":{"line":145,"column":60},"end":{"line":145,"column":61}},"loc":{"start":{"line":145,"column":80},"end":{"line":205,"column":1}},"line":145},"4":{"name":"(anonymous_4)","decl":{"start":{"line":209,"column":67},"end":{"line":209,"column":68}},"loc":{"start":{"line":209,"column":87},"end":{"line":258,"column":1}},"line":209},"5":{"name":"(anonymous_5)","decl":{"start":{"line":274,"column":66},"end":{"line":274,"column":67}},"loc":{"start":{"line":274,"column":86},"end":{"line":315,"column":1}},"line":274},"6":{"name":"(anonymous_6)","decl":{"start":{"line":318,"column":49},"end":{"line":318,"column":50}},"loc":{"start":{"line":318,"column":69},"end":{"line":351,"column":1}},"line":318},"7":{"name":"(anonymous_7)","decl":{"start":{"line":354,"column":29},"end":{"line":354,"column":30}},"loc":{"start":{"line":354,"column":49},"end":{"line":365,"column":1}},"line":354}},"branchMap":{"0":{"loc":{"start":{"line":55,"column":2},"end":{"line":65,"column":3}},"type":"if","locations":[{"start":{"line":55,"column":2},"end":{"line":65,"column":3}},{"start":{},"end":{}}],"line":55},"1":{"loc":{"start":{"line":58,"column":6},"end":{"line":61,"column":7}},"type":"if","locations":[{"start":{"line":58,"column":6},"end":{"line":61,"column":7}},{"start":{},"end":{}}],"line":58},"2":{"loc":{"start":{"line":58,"column":10},"end":{"line":58,"column":42}},"type":"binary-expr","locations":[{"start":{"line":58,"column":10},"end":{"line":58,"column":19}},{"start":{"line":58,"column":23},"end":{"line":58,"column":42}}],"line":58},"3":{"loc":{"start":{"line":68,"column":2},"end":{"line":88,"column":3}},"type":"if","locations":[{"start":{"line":68,"column":2},"end":{"line":88,"column":3}},{"start":{},"end":{}}],"line":68},"4":{"loc":{"start":{"line":71,"column":4},"end":{"line":79,"column":5}},"type":"if","locations":[{"start":{"line":71,"column":4},"end":{"line":79,"column":5}},{"start":{},"end":{}}],"line":71},"5":{"loc":{"start":{"line":85,"column":17},"end":{"line":85,"column":53}},"type":"cond-expr","locations":[{"start":{"line":85,"column":32},"end":{"line":85,"column":41}},{"start":{"line":85,"column":44},"end":{"line":85,"column":53}}],"line":85},"6":{"loc":{"start":{"line":117,"column":4},"end":{"line":122,"column":5}},"type":"if","locations":[{"start":{"line":117,"column":4},"end":{"line":122,"column":5}},{"start":{},"end":{}}],"line":117},"7":{"loc":{"start":{"line":135,"column":10},"end":{"line":135,"column":65}},"type":"binary-expr","locations":[{"start":{"line":135,"column":10},"end":{"line":135,"column":41}},{"start":{"line":135,"column":45},"end":{"line":135,"column":65}}],"line":135},"8":{"loc":{"start":{"line":155,"column":4},"end":{"line":197,"column":5}},"type":"if","locations":[{"start":{"line":155,"column":4},"end":{"line":197,"column":5}},{"start":{"line":169,"column":11},"end":{"line":197,"column":5}}],"line":155},"9":{"loc":{"start":{"line":157,"column":6},"end":{"line":163,"column":7}},"type":"if","locations":[{"start":{"line":157,"column":6},"end":{"line":163,"column":7}},{"start":{},"end":{}}],"line":157},"10":{"loc":{"start":{"line":166,"column":6},"end":{"line":168,"column":7}},"type":"if","locations":[{"start":{"line":166,"column":6},"end":{"line":168,"column":7}},{"start":{},"end":{}}],"line":166},"11":{"loc":{"start":{"line":171,"column":6},"end":{"line":173,"column":7}},"type":"if","locations":[{"start":{"line":171,"column":6},"end":{"line":173,"column":7}},{"start":{},"end":{}}],"line":171},"12":{"loc":{"start":{"line":176,"column":6},"end":{"line":178,"column":7}},"type":"if","locations":[{"start":{"line":176,"column":6},"end":{"line":178,"column":7}},{"start":{},"end":{}}],"line":176},"13":{"loc":{"start":{"line":176,"column":10},"end":{"line":176,"column":75}},"type":"binary-expr","locations":[{"start":{"line":176,"column":10},"end":{"line":176,"column":17}},{"start":{"line":176,"column":21},"end":{"line":176,"column":48}},{"start":{"line":176,"column":52},"end":{"line":176,"column":75}}],"line":176},"14":{"loc":{"start":{"line":190,"column":16},"end":{"line":190,"column":33}},"type":"binary-expr","locations":[{"start":{"line":190,"column":16},"end":{"line":190,"column":20}},{"start":{"line":190,"column":24},"end":{"line":190,"column":33}}],"line":190},"15":{"loc":{"start":{"line":221,"column":4},"end":{"line":223,"column":5}},"type":"if","locations":[{"start":{"line":221,"column":4},"end":{"line":223,"column":5}},{"start":{},"end":{}}],"line":221},"16":{"loc":{"start":{"line":221,"column":8},"end":{"line":221,"column":31}},"type":"binary-expr","locations":[{"start":{"line":221,"column":8},"end":{"line":221,"column":13}},{"start":{"line":221,"column":17},"end":{"line":221,"column":31}}],"line":221},"17":{"loc":{"start":{"line":225,"column":4},"end":{"line":227,"column":5}},"type":"if","locations":[{"start":{"line":225,"column":4},"end":{"line":227,"column":5}},{"start":{},"end":{}}],"line":225},"18":{"loc":{"start":{"line":231,"column":4},"end":{"line":233,"column":5}},"type":"if","locations":[{"start":{"line":231,"column":4},"end":{"line":233,"column":5}},{"start":{},"end":{}}],"line":231},"19":{"loc":{"start":{"line":236,"column":4},"end":{"line":238,"column":5}},"type":"if","locations":[{"start":{"line":236,"column":4},"end":{"line":238,"column":5}},{"start":{},"end":{}}],"line":236},"20":{"loc":{"start":{"line":269,"column":0},"end":{"line":271,"column":1}},"type":"if","locations":[{"start":{"line":269,"column":0},"end":{"line":271,"column":1}},{"start":{},"end":{}}],"line":269},"21":{"loc":{"start":{"line":292,"column":4},"end":{"line":307,"column":5}},"type":"if","locations":[{"start":{"line":292,"column":4},"end":{"line":307,"column":5}},{"start":{},"end":{}}],"line":292},"22":{"loc":{"start":{"line":303,"column":29},"end":{"line":303,"column":46}},"type":"binary-expr","locations":[{"start":{"line":303,"column":29},"end":{"line":303,"column":34}},{"start":{"line":303,"column":38},"end":{"line":303,"column":46}}],"line":303},"23":{"loc":{"start":{"line":327,"column":4},"end":{"line":329,"column":5}},"type":"if","locations":[{"start":{"line":327,"column":4},"end":{"line":329,"column":5}},{"start":{},"end":{}}],"line":327}},"s":{"0":1,"1":1,"2":1,"3":1,"4":1,"5":1,"6":1,"7":1,"8":1,"9":1,"10":1,"11":1,"12":1,"13":1,"14":1,"15":1,"16":1,"17":1,"18":3,"19":3,"20":3,"21":3,"22":3,"23":3,"24":3,"25":0,"26":0,"27":0,"28":0,"29":0,"30":0,"31":3,"32":3,"33":1,"34":1,"35":1,"36":1,"37":1,"38":1,"39":1,"40":1,"41":1,"42":2,"43":2,"44":2,"45":2,"46":1,"47":3,"48":3,"49":3,"50":3,"51":3,"52":1,"53":2,"54":2,"55":2,"56":2,"57":2,"58":0,"59":0,"60":1,"61":4,"62":4,"63":4,"64":4,"65":4,"66":4,"67":2,"68":0,"69":0,"70":2,"71":0,"72":2,"73":0,"74":2,"75":2,"76":1,"77":1,"78":1,"79":1,"80":0,"81":1,"82":1,"83":3,"84":0,"85":0,"86":1,"87":2,"88":2,"89":2,"90":2,"91":0,"92":2,"93":2,"94":2,"95":0,"96":2,"97":0,"98":2,"99":2,"100":2,"101":0,"102":2,"103":2,"104":1,"105":1,"106":1,"107":1,"108":1,"109":0,"110":0,"111":1,"112":1,"113":1,"114":1,"115":1,"116":1,"117":1,"118":0,"119":0,"120":0,"121":0,"122":0,"123":0,"124":0,"125":0,"126":0,"127":0,"128":0,"129":0,"130":0,"131":0,"132":0,"133":0,"134":1,"135":0,"136":0,"137":0,"138":0,"139":0,"140":0,"141":0,"142":0,"143":0,"144":0,"145":0,"146":0,"147":0,"148":1,"149":0,"150":0,"151":0,"152":0,"153":0,"154":1},"f":{"0":3,"1":3,"2":3,"3":4,"4":2,"5":0,"6":0,"7":0},"b":{"0":[0,3],"1":[0,0],"2":[0,0],"3":[1,2],"4":[1,0],"5":[1,0],"6":[1,2],"7":[2,2],"8":[2,2],"9":[0,2],"10":[0,2],"11":[0,2],"12":[1,1],"13":[2,2,2],"14":[1,0],"15":[0,2],"16":[2,2],"17":[0,2],"18":[0,2],"19":[1,1],"20":[1,0],"21":[0,0],"22":[0,0],"23":[0,0]},"_coverageSchema":"1a1c01bbd47fc00a2c39e90264f33305004495a9","hash":"91f7cf3cca387734856b61ddfcd805eef448fae8"}
,"C:\\Users\\USER\\.gemini\\antigravity\\scratch\\McNuels_IncorgniHealth\\server\\routes\\user.js": {"path":"C:\\Users\\USER\\.gemini\\antigravity\\scratch\\McNuels_IncorgniHealth\\server\\routes\\user.js","statementMap":{"0":{"start":{"line":1,"column":16},"end":{"line":1,"column":34}},"1":{"start":{"line":2,"column":15},"end":{"line":2,"column":31}},"2":{"start":{"line":3,"column":14},"end":{"line":3,"column":28}},"3":{"start":{"line":4,"column":15},"end":{"line":4,"column":31}},"4":{"start":{"line":5,"column":13},"end":{"line":5,"column":42}},"5":{"start":{"line":6,"column":17},"end":{"line":6,"column":50}},"6":{"start":{"line":7,"column":15},"end":{"line":7,"column":41}},"7":{"start":{"line":8,"column":17},"end":{"line":8,"column":47}},"8":{"start":{"line":11,"column":28},"end":{"line":19,"column":2}},"9":{"start":{"line":16,"column":42},"end":{"line":16,"column":57}},"10":{"start":{"line":16,"column":59},"end":{"line":16,"column":91}},"11":{"start":{"line":18,"column":83},"end":{"line":18,"column":92}},"12":{"start":{"line":22,"column":0},"end":{"line":39,"column":3}},"13":{"start":{"line":23,"column":2},"end":{"line":38,"column":3}},"14":{"start":{"line":24,"column":17},"end":{"line":31,"column":6}},"15":{"start":{"line":33,"column":4},"end":{"line":33,"column":70}},"16":{"start":{"line":33,"column":15},"end":{"line":33,"column":70}},"17":{"start":{"line":34,"column":4},"end":{"line":34,"column":19}},"18":{"start":{"line":36,"column":4},"end":{"line":36,"column":64}},"19":{"start":{"line":37,"column":4},"end":{"line":37,"column":50}},"20":{"start":{"line":42,"column":0},"end":{"line":65,"column":3}},"21":{"start":{"line":43,"column":2},"end":{"line":64,"column":3}},"22":{"start":{"line":44,"column":43},"end":{"line":44,"column":51}},"23":{"start":{"line":45,"column":20},"end":{"line":57,"column":6}},"24":{"start":{"line":59,"column":4},"end":{"line":59,"column":67}},"25":{"start":{"line":60,"column":4},"end":{"line":60,"column":22}},"26":{"start":{"line":62,"column":4},"end":{"line":62,"column":81}},"27":{"start":{"line":63,"column":4},"end":{"line":63,"column":65}},"28":{"start":{"line":68,"column":0},"end":{"line":86,"column":3}},"29":{"start":{"line":69,"column":2},"end":{"line":85,"column":3}},"30":{"start":{"line":70,"column":46},"end":{"line":70,"column":65}},"31":{"start":{"line":72,"column":19},"end":{"line":79,"column":6}},"32":{"start":{"line":81,"column":4},"end":{"line":81,"column":36}},"33":{"start":{"line":83,"column":4},"end":{"line":83,"column":63}},"34":{"start":{"line":84,"column":4},"end":{"line":84,"column":50}},"35":{"start":{"line":89,"column":0},"end":{"line":113,"column":3}},"36":{"start":{"line":90,"column":2},"end":{"line":112,"column":3}},"37":{"start":{"line":91,"column":46},"end":{"line":91,"column":65}},"38":{"start":{"line":92,"column":17},"end":{"line":92,"column":30}},"39":{"start":{"line":93,"column":19},"end":{"line":95,"column":34}},"40":{"start":{"line":97,"column":26},"end":{"line":106,"column":6}},"41":{"start":{"line":108,"column":4},"end":{"line":108,"column":43}},"42":{"start":{"line":110,"column":4},"end":{"line":110,"column":70}},"43":{"start":{"line":111,"column":4},"end":{"line":111,"column":50}},"44":{"start":{"line":116,"column":0},"end":{"line":154,"column":3}},"45":{"start":{"line":117,"column":2},"end":{"line":153,"column":3}},"46":{"start":{"line":118,"column":20},"end":{"line":129,"column":6}},"47":{"start":{"line":131,"column":22},"end":{"line":147,"column":6}},"48":{"start":{"line":132,"column":27},"end":{"line":132,"column":53}},"49":{"start":{"line":133,"column":24},"end":{"line":135,"column":11}},"50":{"start":{"line":134,"column":49},"end":{"line":134,"column":63}},"51":{"start":{"line":137,"column":6},"end":{"line":146,"column":8}},"52":{"start":{"line":149,"column":4},"end":{"line":149,"column":34}},"53":{"start":{"line":151,"column":4},"end":{"line":151,"column":64}},"54":{"start":{"line":152,"column":4},"end":{"line":152,"column":50}},"55":{"start":{"line":157,"column":31},"end":{"line":157,"column":57}},"56":{"start":{"line":158,"column":21},"end":{"line":158,"column":75}},"57":{"start":{"line":160,"column":0},"end":{"line":192,"column":3}},"58":{"start":{"line":161,"column":2},"end":{"line":191,"column":3}},"59":{"start":{"line":162,"column":23},"end":{"line":162,"column":31}},"60":{"start":{"line":163,"column":18},"end":{"line":163,"column":81}},"61":{"start":{"line":164,"column":4},"end":{"line":166,"column":5}},"62":{"start":{"line":165,"column":6},"end":{"line":165,"column":62}},"63":{"start":{"line":167,"column":4},"end":{"line":169,"column":5}},"64":{"start":{"line":168,"column":6},"end":{"line":168,"column":83}},"65":{"start":{"line":171,"column":22},"end":{"line":171,"column":77}},"66":{"start":{"line":172,"column":20},"end":{"line":175,"column":6}},"67":{"start":{"line":177,"column":4},"end":{"line":185,"column":5}},"68":{"start":{"line":178,"column":26},"end":{"line":181,"column":8}},"69":{"start":{"line":182,"column":6},"end":{"line":184,"column":7}},"70":{"start":{"line":183,"column":8},"end":{"line":183,"column":121}},"71":{"start":{"line":187,"column":4},"end":{"line":187,"column":62}},"72":{"start":{"line":189,"column":4},"end":{"line":189,"column":63}},"73":{"start":{"line":190,"column":4},"end":{"line":190,"column":50}},"74":{"start":{"line":195,"column":26},"end":{"line":199,"column":2}},"75":{"start":{"line":201,"column":0},"end":{"line":281,"column":3}},"76":{"start":{"line":202,"column":2},"end":{"line":280,"column":3}},"77":{"start":{"line":203,"column":49},"end":{"line":203,"column":57}},"78":{"start":{"line":206,"column":17},"end":{"line":206,"column":77}},"79":{"start":{"line":207,"column":4},"end":{"line":207,"column":88}},"80":{"start":{"line":207,"column":33},"end":{"line":207,"column":88}},"81":{"start":{"line":209,"column":20},"end":{"line":209,"column":46}},"82":{"start":{"line":210,"column":4},"end":{"line":212,"column":5}},"83":{"start":{"line":211,"column":6},"end":{"line":211,"column":74}},"84":{"start":{"line":214,"column":20},"end":{"line":214,"column":86}},"85":{"start":{"line":215,"column":23},"end":{"line":215,"column":70}},"86":{"start":{"line":218,"column":25},"end":{"line":223,"column":6}},"87":{"start":{"line":226,"column":25},"end":{"line":232,"column":6}},"88":{"start":{"line":235,"column":18},"end":{"line":244,"column":6}},"89":{"start":{"line":247,"column":24},"end":{"line":247,"column":36}},"90":{"start":{"line":248,"column":22},"end":{"line":248,"column":41}},"91":{"start":{"line":249,"column":24},"end":{"line":258,"column":6}},"92":{"start":{"line":261,"column":4},"end":{"line":264,"column":7}},"93":{"start":{"line":267,"column":24},"end":{"line":270,"column":6}},"94":{"start":{"line":271,"column":4},"end":{"line":273,"column":5}},"95":{"start":{"line":272,"column":6},"end":{"line":272,"column":135}},"96":{"start":{"line":275,"column":4},"end":{"line":275,"column":103}},"97":{"start":{"line":276,"column":4},"end":{"line":276,"column":71}},"98":{"start":{"line":278,"column":4},"end":{"line":278,"column":66}},"99":{"start":{"line":279,"column":4},"end":{"line":279,"column":50}},"100":{"start":{"line":284,"column":0},"end":{"line":308,"column":3}},"101":{"start":{"line":285,"column":2},"end":{"line":307,"column":3}},"102":{"start":{"line":287,"column":4},"end":{"line":300,"column":7}},"103":{"start":{"line":302,"column":4},"end":{"line":302,"column":77}},"104":{"start":{"line":303,"column":4},"end":{"line":303,"column":54}},"105":{"start":{"line":305,"column":4},"end":{"line":305,"column":65}},"106":{"start":{"line":306,"column":4},"end":{"line":306,"column":50}},"107":{"start":{"line":310,"column":0},"end":{"line":310,"column":24}}},"fnMap":{"0":{"name":"(anonymous_0)","decl":{"start":{"line":16,"column":25},"end":{"line":16,"column":26}},"loc":{"start":{"line":16,"column":30},"end":{"line":16,"column":93}},"line":16},"1":{"name":"(anonymous_1)","decl":{"start":{"line":18,"column":78},"end":{"line":18,"column":79}},"loc":{"start":{"line":18,"column":83},"end":{"line":18,"column":92}},"line":18},"2":{"name":"(anonymous_2)","decl":{"start":{"line":22,"column":29},"end":{"line":22,"column":30}},"loc":{"start":{"line":22,"column":49},"end":{"line":39,"column":1}},"line":22},"3":{"name":"(anonymous_3)","decl":{"start":{"line":42,"column":60},"end":{"line":42,"column":61}},"loc":{"start":{"line":42,"column":80},"end":{"line":65,"column":1}},"line":42},"4":{"name":"(anonymous_4)","decl":{"start":{"line":68,"column":28},"end":{"line":68,"column":29}},"loc":{"start":{"line":68,"column":48},"end":{"line":86,"column":1}},"line":68},"5":{"name":"(anonymous_5)","decl":{"start":{"line":89,"column":35},"end":{"line":89,"column":36}},"loc":{"start":{"line":89,"column":55},"end":{"line":113,"column":1}},"line":89},"6":{"name":"(anonymous_6)","decl":{"start":{"line":116,"column":29},"end":{"line":116,"column":30}},"loc":{"start":{"line":116,"column":49},"end":{"line":154,"column":1}},"line":116},"7":{"name":"(anonymous_7)","decl":{"start":{"line":131,"column":34},"end":{"line":131,"column":35}},"loc":{"start":{"line":131,"column":41},"end":{"line":147,"column":5}},"line":131},"8":{"name":"(anonymous_8)","decl":{"start":{"line":134,"column":37},"end":{"line":134,"column":38}},"loc":{"start":{"line":134,"column":49},"end":{"line":134,"column":63}},"line":134},"9":{"name":"(anonymous_9)","decl":{"start":{"line":160,"column":63},"end":{"line":160,"column":64}},"loc":{"start":{"line":160,"column":83},"end":{"line":192,"column":1}},"line":160},"10":{"name":"(anonymous_10)","decl":{"start":{"line":201,"column":57},"end":{"line":201,"column":58}},"loc":{"start":{"line":201,"column":77},"end":{"line":281,"column":1}},"line":201},"11":{"name":"(anonymous_11)","decl":{"start":{"line":284,"column":28},"end":{"line":284,"column":29}},"loc":{"start":{"line":284,"column":48},"end":{"line":308,"column":1}},"line":284}},"branchMap":{"0":{"loc":{"start":{"line":16,"column":66},"end":{"line":16,"column":90}},"type":"cond-expr","locations":[{"start":{"line":16,"column":77},"end":{"line":16,"column":86}},{"start":{"line":16,"column":89},"end":{"line":16,"column":90}}],"line":16},"1":{"loc":{"start":{"line":18,"column":83},"end":{"line":18,"column":92}},"type":"binary-expr","locations":[{"start":{"line":18,"column":83},"end":{"line":18,"column":84}},{"start":{"line":18,"column":88},"end":{"line":18,"column":92}}],"line":18},"2":{"loc":{"start":{"line":33,"column":4},"end":{"line":33,"column":70}},"type":"if","locations":[{"start":{"line":33,"column":4},"end":{"line":33,"column":70}},{"start":{},"end":{}}],"line":33},"3":{"loc":{"start":{"line":48,"column":12},"end":{"line":48,"column":50}},"type":"binary-expr","locations":[{"start":{"line":48,"column":12},"end":{"line":48,"column":34}},{"start":{"line":48,"column":38},"end":{"line":48,"column":50}}],"line":48},"4":{"loc":{"start":{"line":49,"column":12},"end":{"line":49,"column":46}},"type":"binary-expr","locations":[{"start":{"line":49,"column":12},"end":{"line":49,"column":32}},{"start":{"line":49,"column":36},"end":{"line":49,"column":46}}],"line":49},"5":{"loc":{"start":{"line":50,"column":12},"end":{"line":50,"column":63}},"type":"binary-expr","locations":[{"start":{"line":50,"column":12},"end":{"line":50,"column":29}},{"start":{"line":50,"column":33},"end":{"line":50,"column":63}}],"line":50},"6":{"loc":{"start":{"line":50,"column":40},"end":{"line":50,"column":61}},"type":"binary-expr","locations":[{"start":{"line":50,"column":40},"end":{"line":50,"column":53}},{"start":{"line":50,"column":57},"end":{"line":50,"column":61}}],"line":50},"7":{"loc":{"start":{"line":51,"column":12},"end":{"line":51,"column":53}},"type":"binary-expr","locations":[{"start":{"line":51,"column":12},"end":{"line":51,"column":29}},{"start":{"line":51,"column":33},"end":{"line":51,"column":53}}],"line":51},"8":{"loc":{"start":{"line":51,"column":40},"end":{"line":51,"column":51}},"type":"binary-expr","locations":[{"start":{"line":51,"column":40},"end":{"line":51,"column":43}},{"start":{"line":51,"column":47},"end":{"line":51,"column":51}}],"line":51},"9":{"loc":{"start":{"line":63,"column":32},"end":{"line":63,"column":61}},"type":"binary-expr","locations":[{"start":{"line":63,"column":32},"end":{"line":63,"column":43}},{"start":{"line":63,"column":47},"end":{"line":63,"column":61}}],"line":63},"10":{"loc":{"start":{"line":93,"column":19},"end":{"line":95,"column":34}},"type":"cond-expr","locations":[{"start":{"line":94,"column":8},"end":{"line":94,"column":33}},{"start":{"line":95,"column":8},"end":{"line":95,"column":34}}],"line":93},"11":{"loc":{"start":{"line":133,"column":24},"end":{"line":135,"column":11}},"type":"cond-expr","locations":[{"start":{"line":134,"column":10},"end":{"line":134,"column":82}},{"start":{"line":135,"column":10},"end":{"line":135,"column":11}}],"line":133},"12":{"loc":{"start":{"line":164,"column":4},"end":{"line":166,"column":5}},"type":"if","locations":[{"start":{"line":164,"column":4},"end":{"line":166,"column":5}},{"start":{},"end":{}}],"line":164},"13":{"loc":{"start":{"line":164,"column":8},"end":{"line":164,"column":49}},"type":"binary-expr","locations":[{"start":{"line":164,"column":8},"end":{"line":164,"column":14}},{"start":{"line":164,"column":18},"end":{"line":164,"column":49}}],"line":164},"14":{"loc":{"start":{"line":167,"column":4},"end":{"line":169,"column":5}},"type":"if","locations":[{"start":{"line":167,"column":4},"end":{"line":169,"column":5}},{"start":{},"end":{}}],"line":167},"15":{"loc":{"start":{"line":171,"column":22},"end":{"line":171,"column":77}},"type":"cond-expr","locations":[{"start":{"line":171,"column":46},"end":{"line":171,"column":55}},{"start":{"line":171,"column":58},"end":{"line":171,"column":77}}],"line":171},"16":{"loc":{"start":{"line":177,"column":4},"end":{"line":185,"column":5}},"type":"if","locations":[{"start":{"line":177,"column":4},"end":{"line":185,"column":5}},{"start":{},"end":{}}],"line":177},"17":{"loc":{"start":{"line":207,"column":4},"end":{"line":207,"column":88}},"type":"if","locations":[{"start":{"line":207,"column":4},"end":{"line":207,"column":88}},{"start":{},"end":{}}],"line":207},"18":{"loc":{"start":{"line":207,"column":8},"end":{"line":207,"column":31}},"type":"binary-expr","locations":[{"start":{"line":207,"column":8},"end":{"line":207,"column":13}},{"start":{"line":207,"column":17},"end":{"line":207,"column":31}}],"line":207},"19":{"loc":{"start":{"line":210,"column":4},"end":{"line":212,"column":5}},"type":"if","locations":[{"start":{"line":210,"column":4},"end":{"line":212,"column":5}},{"start":{},"end":{}}],"line":210}},"s":{"0":1,"1":1,"2":1,"3":1,"4":1,"5":1,"6":1,"7":1,"8":1,"9":0,"10":0,"11":0,"12":1,"13":1,"14":1,"15":1,"16":0,"17":1,"18":0,"19":0,"20":1,"21":1,"22":1,"23":1,"24":1,"25":1,"26":0,"27":0,"28":1,"29":0,"30":0,"31":0,"32":0,"33":0,"34":0,"35":1,"36":0,"37":0,"38":0,"39":0,"40":0,"41":0,"42":0,"43":0,"44":1,"45":0,"46":0,"47":0,"48":0,"49":0,"50":0,"51":0,"52":0,"53":0,"54":0,"55":1,"56":1,"57":1,"58":0,"59":0,"60":0,"61":0,"62":0,"63":0,"64":0,"65":0,"66":0,"67":0,"68":0,"69":0,"70":0,"71":0,"72":0,"73":0,"74":1,"75":1,"76":2,"77":2,"78":2,"79":2,"80":0,"81":2,"82":2,"83":1,"84":1,"85":1,"86":1,"87":1,"88":1,"89":1,"90":1,"91":1,"92":1,"93":1,"94":1,"95":1,"96":1,"97":1,"98":0,"99":0,"100":1,"101":1,"102":1,"103":1,"104":1,"105":0,"106":0,"107":1},"f":{"0":0,"1":0,"2":1,"3":1,"4":0,"5":0,"6":0,"7":0,"8":0,"9":0,"10":2,"11":1},"b":{"0":[0,0],"1":[0,0],"2":[0,1],"3":[1,1],"4":[1,0],"5":[1,1],"6":[1,0],"7":[1,0],"8":[0,0],"9":[0,0],"10":[0,0],"11":[0,0],"12":[0,0],"13":[0,0],"14":[0,0],"15":[0,0],"16":[0,0],"17":[0,2],"18":[2,2],"19":[1,1]},"_coverageSchema":"1a1c01bbd47fc00a2c39e90264f33305004495a9","hash":"dae0ffefe4e3ef2904d5b07982afbf14e473a8ab"}
,"C:\\Users\\USER\\.gemini\\antigravity\\scratch\\McNuels_IncorgniHealth\\server\\utils\\crypto.js": {"path":"C:\\Users\\USER\\.gemini\\antigravity\\scratch\\McNuels_IncorgniHealth\\server\\utils\\crypto.js","statementMap":{"0":{"start":{"line":1,"column":17},"end":{"line":1,"column":37}},"1":{"start":{"line":3,"column":19},"end":{"line":3,"column":41}},"2":{"start":{"line":4,"column":0},"end":{"line":6,"column":1}},"3":{"start":{"line":5,"column":2},"end":{"line":5,"column":105}},"4":{"start":{"line":9,"column":17},"end":{"line":12,"column":1}},"5":{"start":{"line":10,"column":17},"end":{"line":10,"column":52}},"6":{"start":{"line":11,"column":2},"end":{"line":11,"column":51}},"7":{"start":{"line":15,"column":20},"end":{"line":17,"column":1}},"8":{"start":{"line":16,"column":2},"end":{"line":16,"column":75}},"9":{"start":{"line":19,"column":20},"end":{"line":22,"column":1}},"10":{"start":{"line":20,"column":16},"end":{"line":20,"column":60}},"11":{"start":{"line":21,"column":2},"end":{"line":21,"column":55}},"12":{"start":{"line":25,"column":24},"end":{"line":32,"column":1}},"13":{"start":{"line":26,"column":16},"end":{"line":26,"column":50}},"14":{"start":{"line":27,"column":13},"end":{"line":27,"column":15}},"15":{"start":{"line":28,"column":2},"end":{"line":30,"column":3}},"16":{"start":{"line":28,"column":15},"end":{"line":28,"column":16}},"17":{"start":{"line":29,"column":4},"end":{"line":29,"column":67}},"18":{"start":{"line":31,"column":2},"end":{"line":31,"column":27}},"19":{"start":{"line":34,"column":0},"end":{"line":40,"column":2}}},"fnMap":{"0":{"name":"(anonymous_0)","decl":{"start":{"line":9,"column":17},"end":{"line":9,"column":18}},"loc":{"start":{"line":9,"column":27},"end":{"line":12,"column":1}},"line":9},"1":{"name":"(anonymous_1)","decl":{"start":{"line":15,"column":20},"end":{"line":15,"column":21}},"loc":{"start":{"line":15,"column":30},"end":{"line":17,"column":1}},"line":15},"2":{"name":"(anonymous_2)","decl":{"start":{"line":19,"column":20},"end":{"line":19,"column":21}},"loc":{"start":{"line":19,"column":36},"end":{"line":22,"column":1}},"line":19},"3":{"name":"(anonymous_3)","decl":{"start":{"line":25,"column":24},"end":{"line":25,"column":25}},"loc":{"start":{"line":25,"column":30},"end":{"line":32,"column":1}},"line":25}},"branchMap":{"0":{"loc":{"start":{"line":4,"column":0},"end":{"line":6,"column":1}},"type":"if","locations":[{"start":{"line":4,"column":0},"end":{"line":6,"column":1}},{"start":{},"end":{}}],"line":4},"1":{"loc":{"start":{"line":10,"column":17},"end":{"line":10,"column":52}},"type":"binary-expr","locations":[{"start":{"line":10,"column":17},"end":{"line":10,"column":38}},{"start":{"line":10,"column":42},"end":{"line":10,"column":52}}],"line":10}},"s":{"0":1,"1":1,"2":1,"3":0,"4":1,"5":16,"6":16,"7":1,"8":3,"9":1,"10":2,"11":2,"12":1,"13":1,"14":1,"15":1,"16":1,"17":6,"18":1,"19":1},"f":{"0":16,"1":3,"2":2,"3":1},"b":{"0":[0,1],"1":[16,16]},"_coverageSchema":"1a1c01bbd47fc00a2c39e90264f33305004495a9","hash":"2df572cc2de4f66ddaf78206f8298fb9268da4eb"}
,"C:\\Users\\USER\\.gemini\\antigravity\\scratch\\McNuels_IncorgniHealth\\server\\utils\\logger.js": {"path":"C:\\Users\\USER\\.gemini\\antigravity\\scratch\\McNuels_IncorgniHealth\\server\\utils\\logger.js","statementMap":{"0":{"start":{"line":1,"column":16},"end":{"line":1,"column":34}},"1":{"start":{"line":3,"column":55},"end":{"line":3,"column":69}},"2":{"start":{"line":5,"column":14},"end":{"line":5,"column":51}},"3":{"start":{"line":8,"column":18},"end":{"line":11,"column":2}},"4":{"start":{"line":9,"column":18},"end":{"line":9,"column":76}},"5":{"start":{"line":10,"column":2},"end":{"line":10,"column":56}},"6":{"start":{"line":13,"column":15},"end":{"line":28,"column":2}},"7":{"start":{"line":30,"column":0},"end":{"line":30,"column":24}}},"fnMap":{"0":{"name":"(anonymous_0)","decl":{"start":{"line":8,"column":25},"end":{"line":8,"column":26}},"loc":{"start":{"line":8,"column":69},"end":{"line":11,"column":1}},"line":8}},"branchMap":{"0":{"loc":{"start":{"line":9,"column":18},"end":{"line":9,"column":76}},"type":"cond-expr","locations":[{"start":{"line":9,"column":45},"end":{"line":9,"column":71}},{"start":{"line":9,"column":74},"end":{"line":9,"column":76}}],"line":9},"1":{"loc":{"start":{"line":14,"column":9},"end":{"line":14,"column":33}},"type":"cond-expr","locations":[{"start":{"line":14,"column":17},"end":{"line":14,"column":24}},{"start":{"line":14,"column":27},"end":{"line":14,"column":33}}],"line":14},"2":{"loc":{"start":{"line":17,"column":4},"end":{"line":17,"column":51}},"type":"cond-expr","locations":[{"start":{"line":17,"column":12},"end":{"line":17,"column":42}},{"start":{"line":17,"column":45},"end":{"line":17,"column":51}}],"line":17},"3":{"loc":{"start":{"line":22,"column":8},"end":{"line":25,"column":10}},"type":"cond-expr","locations":[{"start":{"line":22,"column":43},"end":{"line":25,"column":5}},{"start":{"line":25,"column":8},"end":{"line":25,"column":10}}],"line":22},"4":{"loc":{"start":{"line":22,"column":8},"end":{"line":22,"column":40}},"type":"binary-expr","locations":[{"start":{"line":22,"column":8},"end":{"line":22,"column":14}},{"start":{"line":22,"column":18},"end":{"line":22,"column":40}}],"line":22}},"s":{"0":2,"1":2,"2":2,"3":2,"4":7,"5":7,"6":2,"7":2},"f":{"0":7},"b":{"0":[7,0],"1":[2,0],"2":[2,0],"3":[0,2],"4":[2,0]},"_coverageSchema":"1a1c01bbd47fc00a2c39e90264f33305004495a9","hash":"ad78d7b6265e7a1f82977fd865bf2a05dc5551a5"}
,"C:\\Users\\USER\\.gemini\\antigravity\\scratch\\McNuels_IncorgniHealth\\server\\utils\\notify.js": {"path":"C:\\Users\\USER\\.gemini\\antigravity\\scratch\\McNuels_IncorgniHealth\\server\\utils\\notify.js","statementMap":{"0":{"start":{"line":1,"column":15},"end":{"line":1,"column":31}},"1":{"start":{"line":2,"column":15},"end":{"line":2,"column":34}},"2":{"start":{"line":12,"column":2},"end":{"line":18,"column":3}},"3":{"start":{"line":13,"column":4},"end":{"line":15,"column":7}},"4":{"start":{"line":17,"column":4},"end":{"line":17,"column":88}},"5":{"start":{"line":21,"column":0},"end":{"line":21,"column":40}}},"fnMap":{"0":{"name":"createNotification","decl":{"start":{"line":11,"column":15},"end":{"line":11,"column":33}},"loc":{"start":{"line":11,"column":61},"end":{"line":19,"column":1}},"line":11}},"branchMap":{},"s":{"0":1,"1":1,"2":1,"3":1,"4":0,"5":1},"f":{"0":1},"b":{},"_coverageSchema":"1a1c01bbd47fc00a2c39e90264f33305004495a9","hash":"a573dcbb7f092682c8c1903abe5f4d4c3242a886"}
,"C:\\Users\\USER\\.gemini\\antigravity\\scratch\\McNuels_IncorgniHealth\\server\\utils\\pagination.js": {"path":"C:\\Users\\USER\\.gemini\\antigravity\\scratch\\McNuels_IncorgniHealth\\server\\utils\\pagination.js","statementMap":{"0":{"start":{"line":14,"column":16},"end":{"line":14,"column":71}},"1":{"start":{"line":16,"column":25},"end":{"line":19,"column":3}},"2":{"start":{"line":21,"column":2},"end":{"line":24,"column":3}},"3":{"start":{"line":22,"column":4},"end":{"line":22,"column":49}},"4":{"start":{"line":23,"column":4},"end":{"line":23,"column":28}},"5":{"start":{"line":27,"column":20},"end":{"line":27,"column":40}},"6":{"start":{"line":28,"column":17},"end":{"line":28,"column":56}},"7":{"start":{"line":29,"column":23},"end":{"line":29,"column":64}},"8":{"start":{"line":31,"column":4},"end":{"line":35,"column":6}},"9":{"start":{"line":38,"column":2},"end":{"line":38,"column":43}},"10":{"start":{"line":41,"column":0},"end":{"line":41,"column":26}}},"fnMap":{"0":{"name":"paginate","decl":{"start":{"line":13,"column":9},"end":{"line":13,"column":17}},"loc":{"start":{"line":13,"column":30},"end":{"line":39,"column":1}},"line":13},"1":{"name":"buildResponse","decl":{"start":{"line":26,"column":11},"end":{"line":26,"column":24}},"loc":{"start":{"line":26,"column":32},"end":{"line":36,"column":3}},"line":26}},"branchMap":{"0":{"loc":{"start":{"line":13,"column":18},"end":{"line":13,"column":28}},"type":"default-arg","locations":[{"start":{"line":13,"column":26},"end":{"line":13,"column":28}}],"line":13},"1":{"loc":{"start":{"line":14,"column":34},"end":{"line":14,"column":61}},"type":"binary-expr","locations":[{"start":{"line":14,"column":34},"end":{"line":14,"column":55}},{"start":{"line":14,"column":59},"end":{"line":14,"column":61}}],"line":14},"2":{"loc":{"start":{"line":21,"column":2},"end":{"line":24,"column":3}},"type":"if","locations":[{"start":{"line":21,"column":2},"end":{"line":24,"column":3}},{"start":{},"end":{}}],"line":21},"3":{"loc":{"start":{"line":28,"column":17},"end":{"line":28,"column":56}},"type":"cond-expr","locations":[{"start":{"line":28,"column":27},"end":{"line":28,"column":48}},{"start":{"line":28,"column":51},"end":{"line":28,"column":56}}],"line":28},"4":{"loc":{"start":{"line":29,"column":23},"end":{"line":29,"column":64}},"type":"cond-expr","locations":[{"start":{"line":29,"column":33},"end":{"line":29,"column":57}},{"start":{"line":29,"column":60},"end":{"line":29,"column":64}}],"line":29}},"s":{"0":0,"1":0,"2":0,"3":0,"4":0,"5":0,"6":0,"7":0,"8":0,"9":0,"10":1},"f":{"0":0,"1":0},"b":{"0":[0],"1":[0,0],"2":[0,0],"3":[0,0],"4":[0,0]},"_coverageSchema":"1a1c01bbd47fc00a2c39e90264f33305004495a9","hash":"9889c4dcf2e86b7f0e8e23865bb086d00b2793a8"}
,"C:\\Users\\USER\\.gemini\\antigravity\\scratch\\McNuels_IncorgniHealth\\server\\utils\\totp.js": {"path":"C:\\Users\\USER\\.gemini\\antigravity\\scratch\\McNuels_IncorgniHealth\\server\\utils\\totp.js","statementMap":{"0":{"start":{"line":1,"column":15},"end":{"line":1,"column":32}},"1":{"start":{"line":7,"column":19},"end":{"line":7,"column":53}},"2":{"start":{"line":8,"column":16},"end":{"line":8,"column":74}},"3":{"start":{"line":9,"column":17},"end":{"line":9,"column":29}},"4":{"start":{"line":10,"column":13},"end":{"line":10,"column":14}},"5":{"start":{"line":11,"column":14},"end":{"line":11,"column":15}},"6":{"start":{"line":12,"column":14},"end":{"line":12,"column":15}},"7":{"start":{"line":13,"column":17},"end":{"line":13,"column":59}},"8":{"start":{"line":15,"column":2},"end":{"line":24,"column":3}},"9":{"start":{"line":15,"column":15},"end":{"line":15,"column":16}},"10":{"start":{"line":16,"column":16},"end":{"line":16,"column":42}},"11":{"start":{"line":17,"column":4},"end":{"line":17,"column":64}},"12":{"start":{"line":17,"column":20},"end":{"line":17,"column":64}},"13":{"start":{"line":18,"column":4},"end":{"line":18,"column":31}},"14":{"start":{"line":19,"column":4},"end":{"line":19,"column":14}},"15":{"start":{"line":20,"column":4},"end":{"line":23,"column":5}},"16":{"start":{"line":21,"column":6},"end":{"line":21,"column":54}},"17":{"start":{"line":22,"column":6},"end":{"line":22,"column":16}},"18":{"start":{"line":25,"column":2},"end":{"line":25,"column":16}},"19":{"start":{"line":32,"column":19},"end":{"line":32,"column":53}},"20":{"start":{"line":33,"column":15},"end":{"line":33,"column":17}},"21":{"start":{"line":34,"column":16},"end":{"line":34,"column":42}},"22":{"start":{"line":35,"column":2},"end":{"line":37,"column":3}},"23":{"start":{"line":35,"column":15},"end":{"line":35,"column":16}},"24":{"start":{"line":36,"column":4},"end":{"line":36,"column":51}},"25":{"start":{"line":38,"column":2},"end":{"line":38,"column":16}},"26":{"start":{"line":45,"column":14},"end":{"line":45,"column":34}},"27":{"start":{"line":46,"column":16},"end":{"line":46,"column":45}},"28":{"start":{"line":47,"column":15},"end":{"line":47,"column":50}},"29":{"start":{"line":49,"column":17},"end":{"line":49,"column":32}},"30":{"start":{"line":50,"column":2},"end":{"line":50,"column":39}},"31":{"start":{"line":52,"column":15},"end":{"line":52,"column":45}},"32":{"start":{"line":53,"column":2},"end":{"line":53,"column":22}},"33":{"start":{"line":54,"column":21},"end":{"line":54,"column":34}},"34":{"start":{"line":56,"column":17},"end":{"line":56,"column":56}},"35":{"start":{"line":57,"column":15},"end":{"line":62,"column":13}},"36":{"start":{"line":64,"column":2},"end":{"line":64,"column":42}},"37":{"start":{"line":71,"column":21},"end":{"line":71,"column":33}},"38":{"start":{"line":73,"column":2},"end":{"line":77,"column":3}},"39":{"start":{"line":73,"column":20},"end":{"line":73,"column":22}},"40":{"start":{"line":74,"column":4},"end":{"line":76,"column":5}},"41":{"start":{"line":75,"column":6},"end":{"line":75,"column":18}},"42":{"start":{"line":78,"column":2},"end":{"line":78,"column":15}},"43":{"start":{"line":81,"column":0},"end":{"line":85,"column":2}}},"fnMap":{"0":{"name":"base32Decode","decl":{"start":{"line":6,"column":9},"end":{"line":6,"column":21}},"loc":{"start":{"line":6,"column":30},"end":{"line":26,"column":1}},"line":6},"1":{"name":"generateSecret","decl":{"start":{"line":31,"column":9},"end":{"line":31,"column":23}},"loc":{"start":{"line":31,"column":37},"end":{"line":39,"column":1}},"line":31},"2":{"name":"getTOTPCode","decl":{"start":{"line":44,"column":9},"end":{"line":44,"column":20}},"loc":{"start":{"line":44,"column":45},"end":{"line":65,"column":1}},"line":44},"3":{"name":"verifyTOTP","decl":{"start":{"line":70,"column":9},"end":{"line":70,"column":19}},"loc":{"start":{"line":70,"column":35},"end":{"line":79,"column":1}},"line":70}},"branchMap":{"0":{"loc":{"start":{"line":17,"column":4},"end":{"line":17,"column":64}},"type":"if","locations":[{"start":{"line":17,"column":4},"end":{"line":17,"column":64}},{"start":{},"end":{}}],"line":17},"1":{"loc":{"start":{"line":20,"column":4},"end":{"line":23,"column":5}},"type":"if","locations":[{"start":{"line":20,"column":4},"end":{"line":23,"column":5}},{"start":{},"end":{}}],"line":20},"2":{"loc":{"start":{"line":31,"column":24},"end":{"line":31,"column":35}},"type":"default-arg","locations":[{"start":{"line":31,"column":33},"end":{"line":31,"column":35}}],"line":31},"3":{"loc":{"start":{"line":44,"column":29},"end":{"line":44,"column":43}},"type":"default-arg","locations":[{"start":{"line":44,"column":42},"end":{"line":44,"column":43}}],"line":44},"4":{"loc":{"start":{"line":74,"column":4},"end":{"line":76,"column":5}},"type":"if","locations":[{"start":{"line":74,"column":4},"end":{"line":76,"column":5}},{"start":{},"end":{}}],"line":74}},"s":{"0":1,"1":6,"2":6,"3":6,"4":6,"5":6,"6":6,"7":6,"8":6,"9":6,"10":108,"11":108,"12":0,"13":108,"14":108,"15":108,"16":66,"17":66,"18":6,"19":1,"20":1,"21":1,"22":1,"23":1,"24":16,"25":1,"26":6,"27":6,"28":6,"29":6,"30":6,"31":6,"32":6,"33":6,"34":6,"35":6,"36":6,"37":2,"38":2,"39":2,"40":5,"41":1,"42":1,"43":1},"f":{"0":6,"1":1,"2":6,"3":2},"b":{"0":[0,108],"1":[66,42],"2":[1],"3":[1],"4":[1,4]},"_coverageSchema":"1a1c01bbd47fc00a2c39e90264f33305004495a9","hash":"8caabea4d24c167097e5b3f56955ab28e43b3eac"}
}
