{"C:\\Users\\USER\\.gemini\\antigravity\\scratch\\McNuels_IncorgniHealth\\server\\middleware\\auth.js": {"path":"C:\\Users\\USER\\.gemini\\antigravity\\scratch\\McNuels_IncorgniHealth\\server\\middleware\\auth.js","statementMap":{"0":{"start":{"line":1,"column":12},"end":{"line":1,"column":35}},"1":{"start":{"line":2,"column":23},"end":{"line":2,"column":49}},"2":{"start":{"line":4,"column":0},"end":{"line":20,"column":2}},"3":{"start":{"line":6,"column":16},"end":{"line":6,"column":42}},"4":{"start":{"line":9,"column":2},"end":{"line":11,"column":3}},"5":{"start":{"line":10,"column":4},"end":{"line":10,"column":75}},"6":{"start":{"line":13,"column":2},"end":{"line":19,"column":3}},"7":{"start":{"line":14,"column":20},"end":{"line":14,"column":49}},"8":{"start":{"line":15,"column":4},"end":{"line":15,"column":28}},"9":{"start":{"line":16,"column":4},"end":{"line":16,"column":11}},"10":{"start":{"line":18,"column":4},"end":{"line":18,"column":56}}},"fnMap":{"0":{"name":"(anonymous_0)","decl":{"start":{"line":4,"column":17},"end":{"line":4,"column":18}},"loc":{"start":{"line":4,"column":42},"end":{"line":20,"column":1}},"line":4}},"branchMap":{"0":{"loc":{"start":{"line":9,"column":2},"end":{"line":11,"column":3}},"type":"if","locations":[{"start":{"line":9,"column":2},"end":{"line":11,"column":3}},{"start":{},"end":{}}],"line":9}},"s":{"0":1,"1":1,"2":1,"3":0,"4":0,"5":0,"6":0,"7":0,"8":0,"9":0,"10":0},"f":{"0":0},"b":{"0":[0,0]},"_coverageSchema":"1a1c01bbd47fc00a2c39e90264f33305004495a9","hash":"42a22d702eac836c34927e24c4bff2b7edb20510"}
,"C:\\Users\\USER\\.gemini\\antigravity\\scratch\\McNuels_IncorgniHealth\\server\\middleware\\validate.js": {"path":"C:\\Users\\USER\\.gemini\\antigravity\\scratch\\McNuels_IncorgniHealth\\server\\middleware\\validate.js","statementMap":{"0":{"start":{"line":1,"column":21},"end":{"line":1,"column":35}},"1":{"start":{"line":11,"column":2},"end":{"line":29,"column":4}},"2":{"start":{"line":12,"column":4},"end":{"line":28,"column":5}},"3":{"start":{"line":13,"column":21},"end":{"line":13,"column":46}},"4":{"start":{"line":14,"column":6},"end":{"line":14,"column":27}},"5":{"start":{"line":15,"column":6},"end":{"line":15,"column":13}},"6":{"start":{"line":17,"column":6},"end":{"line":26,"column":7}},"7":{"start":{"line":18,"column":23},"end":{"line":21,"column":11}},"8":{"start":{"line":18,"column":60},"end":{"line":21,"column":9}},"9":{"start":{"line":22,"column":8},"end":{"line":25,"column":11}},"10":{"start":{"line":27,"column":6},"end":{"line":27,"column":16}},"11":{"start":{"line":32,"column":0},"end":{"line":32,"column":26}}},"fnMap":{"0":{"name":"validate","decl":{"start":{"line":10,"column":9},"end":{"line":10,"column":17}},"loc":{"start":{"line":10,"column":43},"end":{"line":30,"column":1}},"line":10},"1":{"name":"(anonymous_1)","decl":{"start":{"line":11,"column":9},"end":{"line":11,"column":10}},"loc":{"start":{"line":11,"column":29},"end":{"line":29,"column":3}},"line":11},"2":{"name":"(anonymous_2)","decl":{"start":{"line":18,"column":54},"end":{"line":18,"column":55}},"loc":{"start":{"line":18,"column":60},"end":{"line":21,"column":9}},"line":18}},"branchMap":{"0":{"loc":{"start":{"line":10,"column":26},"end":{"line":10,"column":41}},"type":"default-arg","locations":[{"start":{"line":10,"column":35},"end":{"line":10,"column":41}}],"line":10},"1":{"loc":{"start":{"line":17,"column":6},"end":{"line":26,"column":7}},"type":"if","locations":[{"start":{"line":17,"column":6},"end":{"line":26,"column":7}},{"start":{},"end":{}}],"line":17},"2":{"loc":{"start":{"line":18,"column":24},"end":{"line":18,"column":48}},"type":"binary-expr","locations":[{"start":{"line":18,"column":24},"end":{"line":18,"column":34}},{"start":{"line":18,"column":38},"end":{"line":18,"column":48}}],"line":18}},"s":{"0":2,"1":4,"2":6,"3":6,"4":4,"5":4,"6":2,"7":2,"8":2,"9":2,"10":0,"11":2},"f":{"0":4,"1":6,"2":2},"b":{"0":[4],"1":[2,0],"2":[2,2]},"_coverageSchema":"1a1c01bbd47fc00a2c39e90264f33305004495a9","hash":"c5e98455a990b25897f25db19d0c67af7fa2862b"}
,"C:\\Users\\USER\\.gemini\\antigravity\\scratch\\McNuels_IncorgniHealth\\server\\routes\\auth.js": {"path":"C:\\Users\\USER\\.gemini\\antigravity\\scratch\\McNuels_IncorgniHealth\\server\\routes\\auth.js","statementMap":{"0":{"start":{"line":1,"column":16},"end":{"line":1,"column":34}},"1":{"start":{"line":2,"column":15},"end":{"line":2,"column":31}},"2":{"start":{"line":3,"column":12},"end":{"line":3,"column":35}},"3":{"start":{"line":4,"column":15},"end":{"line":4,"column":32}},"4":{"start":{"line":5,"column":14},"end":{"line":5,"column":28}},"5":{"start":{"line":6,"column":15},"end":{"line":6,"column":31}},"6":{"start":{"line":7,"column":50},"end":{"line":7,"column":76}},"7":{"start":{"line":8,"column":15},"end":{"line":8,"column":41}},"8":{"start":{"line":9,"column":17},"end":{"line":9,"column":50}},"9":{"start":{"line":10,"column":24},"end":{"line":10,"column":58}},"10":{"start":{"line":11,"column":13},"end":{"line":11,"column":42}},"11":{"start":{"line":14,"column":21},"end":{"line":17,"column":2}},"12":{"start":{"line":19,"column":21},"end":{"line":22,"column":2}},"13":{"start":{"line":24,"column":22},"end":{"line":26,"column":2}},"14":{"start":{"line":29,"column":17},"end":{"line":29,"column":26}},"15":{"start":{"line":31,"column":28},"end":{"line":31,"column":33}},"16":{"start":{"line":32,"column":29},"end":{"line":32,"column":34}},"17":{"start":{"line":35,"column":22},"end":{"line":35,"column":101}},"18":{"start":{"line":36,"column":23},"end":{"line":36,"column":61}},"19":{"start":{"line":37,"column":2},"end":{"line":37,"column":39}},"20":{"start":{"line":41,"column":0},"end":{"line":78,"column":3}},"21":{"start":{"line":42,"column":2},"end":{"line":77,"column":3}},"22":{"start":{"line":43,"column":28},"end":{"line":43,"column":36}},"23":{"start":{"line":44,"column":22},"end":{"line":44,"column":37}},"24":{"start":{"line":46,"column":25},"end":{"line":48,"column":6}},"25":{"start":{"line":50,"column":4},"end":{"line":52,"column":5}},"26":{"start":{"line":51,"column":6},"end":{"line":51,"column":71}},"27":{"start":{"line":54,"column":18},"end":{"line":54,"column":35}},"28":{"start":{"line":55,"column":4},"end":{"line":57,"column":5}},"29":{"start":{"line":56,"column":6},"end":{"line":56,"column":34}},"30":{"start":{"line":59,"column":17},"end":{"line":61,"column":6}},"31":{"start":{"line":64,"column":16},"end":{"line":64,"column":24}},"32":{"start":{"line":65,"column":4},"end":{"line":65,"column":29}},"33":{"start":{"line":67,"column":4},"end":{"line":67,"column":64}},"34":{"start":{"line":69,"column":4},"end":{"line":73,"column":7}},"35":{"start":{"line":75,"column":4},"end":{"line":75,"column":57}},"36":{"start":{"line":76,"column":4},"end":{"line":76,"column":50}},"37":{"start":{"line":81,"column":0},"end":{"line":114,"column":3}},"38":{"start":{"line":82,"column":25},"end":{"line":82,"column":33}},"39":{"start":{"line":84,"column":2},"end":{"line":86,"column":3}},"40":{"start":{"line":85,"column":4},"end":{"line":85,"column":56}},"41":{"start":{"line":88,"column":2},"end":{"line":113,"column":3}},"42":{"start":{"line":89,"column":22},"end":{"line":89,"column":37}},"43":{"start":{"line":90,"column":17},"end":{"line":90,"column":97}},"44":{"start":{"line":91,"column":4},"end":{"line":91,"column":70}},"45":{"start":{"line":91,"column":15},"end":{"line":91,"column":70}},"46":{"start":{"line":93,"column":24},"end":{"line":93,"column":81}},"47":{"start":{"line":94,"column":42},"end":{"line":94,"column":72}},"48":{"start":{"line":97,"column":26},"end":{"line":97,"column":48}},"49":{"start":{"line":98,"column":4},"end":{"line":101,"column":7}},"50":{"start":{"line":103,"column":4},"end":{"line":103,"column":62}},"51":{"start":{"line":105,"column":4},"end":{"line":109,"column":7}},"52":{"start":{"line":111,"column":4},"end":{"line":111,"column":57}},"53":{"start":{"line":112,"column":4},"end":{"line":112,"column":50}},"54":{"start":{"line":117,"column":0},"end":{"line":150,"column":3}},"55":{"start":{"line":118,"column":2},"end":{"line":149,"column":3}},"56":{"start":{"line":119,"column":29},"end":{"line":119,"column":37}},"57":{"start":{"line":120,"column":26},"end":{"line":120,"column":48}},"58":{"start":{"line":122,"column":17},"end":{"line":124,"column":6}},"59":{"start":{"line":126,"column":4},"end":{"line":128,"column":5}},"60":{"start":{"line":127,"column":6},"end":{"line":127,"column":68}},"61":{"start":{"line":130,"column":24},"end":{"line":130,"column":81}},"62":{"start":{"line":131,"column":22},"end":{"line":131,"column":52}},"63":{"start":{"line":134,"column":4},"end":{"line":137,"column":7}},"64":{"start":{"line":139,"column":4},"end":{"line":139,"column":64}},"65":{"start":{"line":141,"column":4},"end":{"line":145,"column":7}},"66":{"start":{"line":147,"column":4},"end":{"line":147,"column":58}},"67":{"start":{"line":148,"column":4},"end":{"line":148,"column":50}},"68":{"start":{"line":153,"column":0},"end":{"line":164,"column":3}},"69":{"start":{"line":154,"column":2},"end":{"line":163,"column":3}},"70":{"start":{"line":155,"column":4},"end":{"line":158,"column":7}},"71":{"start":{"line":159,"column":4},"end":{"line":159,"column":36}},"72":{"start":{"line":161,"column":4},"end":{"line":161,"column":57}},"73":{"start":{"line":162,"column":4},"end":{"line":162,"column":50}},"74":{"start":{"line":166,"column":0},"end":{"line":166,"column":24}}},"fnMap":{"0":{"name":"generateTokenPair","decl":{"start":{"line":34,"column":9},"end":{"line":34,"column":26}},"loc":{"start":{"line":34,"column":40},"end":{"line":38,"column":1}},"line":34},"1":{"name":"(anonymous_1)","decl":{"start":{"line":41,"column":60},"end":{"line":41,"column":61}},"loc":{"start":{"line":41,"column":80},"end":{"line":78,"column":1}},"line":41},"2":{"name":"(anonymous_2)","decl":{"start":{"line":81,"column":60},"end":{"line":81,"column":61}},"loc":{"start":{"line":81,"column":80},"end":{"line":114,"column":1}},"line":81},"3":{"name":"(anonymous_3)","decl":{"start":{"line":117,"column":49},"end":{"line":117,"column":50}},"loc":{"start":{"line":117,"column":69},"end":{"line":150,"column":1}},"line":117},"4":{"name":"(anonymous_4)","decl":{"start":{"line":153,"column":29},"end":{"line":153,"column":30}},"loc":{"start":{"line":153,"column":49},"end":{"line":164,"column":1}},"line":153}},"branchMap":{"0":{"loc":{"start":{"line":50,"column":4},"end":{"line":52,"column":5}},"type":"if","locations":[{"start":{"line":50,"column":4},"end":{"line":52,"column":5}},{"start":{},"end":{}}],"line":50},"1":{"loc":{"start":{"line":84,"column":2},"end":{"line":86,"column":3}},"type":"if","locations":[{"start":{"line":84,"column":2},"end":{"line":86,"column":3}},{"start":{},"end":{}}],"line":84},"2":{"loc":{"start":{"line":91,"column":4},"end":{"line":91,"column":70}},"type":"if","locations":[{"start":{"line":91,"column":4},"end":{"line":91,"column":70}},{"start":{},"end":{}}],"line":91},"3":{"loc":{"start":{"line":126,"column":4},"end":{"line":128,"column":5}},"type":"if","locations":[{"start":{"line":126,"column":4},"end":{"line":128,"column":5}},{"start":{},"end":{}}],"line":126}},"s":{"0":1,"1":1,"2":1,"3":1,"4":1,"5":1,"6":1,"7":1,"8":1,"9":1,"10":1,"11":1,"12":1,"13":1,"14":1,"15":1,"16":1,"17":1,"18":1,"19":1,"20":1,"21":1,"22":1,"23":1,"24":1,"25":1,"26":0,"27":1,"28":1,"29":0,"30":1,"31":1,"32":1,"33":1,"34":1,"35":0,"36":0,"37":1,"38":2,"39":2,"40":1,"41":1,"42":1,"43":1,"44":1,"45":0,"46":1,"47":1,"48":1,"49":1,"50":1,"51":1,"52":0,"53":0,"54":1,"55":0,"56":0,"57":0,"58":0,"59":0,"60":0,"61":0,"62":0,"63":0,"64":0,"65":0,"66":0,"67":0,"68":1,"69":0,"70":0,"71":0,"72":0,"73":0,"74":1},"f":{"0":1,"1":1,"2":2,"3":0,"4":0},"b":{"0":[0,1],"1":[1,1],"2":[0,1],"3":[0,0]},"_coverageSchema":"1a1c01bbd47fc00a2c39e90264f33305004495a9","hash":"3d1a35c86ea7e57ce73e35e97d25caafde234e6d"}
,"C:\\Users\\USER\\.gemini\\antigravity\\scratch\\McNuels_IncorgniHealth\\server\\routes\\user.js": {"path":"C:\\Users\\USER\\.gemini\\antigravity\\scratch\\McNuels_IncorgniHealth\\server\\routes\\user.js","statementMap":{"0":{"start":{"line":1,"column":16},"end":{"line":1,"column":34}},"1":{"start":{"line":2,"column":15},"end":{"line":2,"column":31}},"2":{"start":{"line":3,"column":14},"end":{"line":3,"column":28}},"3":{"start":{"line":4,"column":15},"end":{"line":4,"column":31}},"4":{"start":{"line":5,"column":13},"end":{"line":5,"column":42}},"5":{"start":{"line":6,"column":17},"end":{"line":6,"column":50}},"6":{"start":{"line":7,"column":15},"end":{"line":7,"column":41}},"7":{"start":{"line":8,"column":17},"end":{"line":8,"column":47}},"8":{"start":{"line":11,"column":28},"end":{"line":16,"column":2}},"9":{"start":{"line":14,"column":76},"end":{"line":14,"column":100}},"10":{"start":{"line":19,"column":0},"end":{"line":36,"column":3}},"11":{"start":{"line":20,"column":2},"end":{"line":35,"column":3}},"12":{"start":{"line":21,"column":17},"end":{"line":28,"column":6}},"13":{"start":{"line":30,"column":4},"end":{"line":30,"column":70}},"14":{"start":{"line":30,"column":15},"end":{"line":30,"column":70}},"15":{"start":{"line":31,"column":4},"end":{"line":31,"column":19}},"16":{"start":{"line":33,"column":4},"end":{"line":33,"column":64}},"17":{"start":{"line":34,"column":4},"end":{"line":34,"column":50}},"18":{"start":{"line":39,"column":0},"end":{"line":62,"column":3}},"19":{"start":{"line":40,"column":2},"end":{"line":61,"column":3}},"20":{"start":{"line":41,"column":43},"end":{"line":41,"column":51}},"21":{"start":{"line":42,"column":20},"end":{"line":54,"column":6}},"22":{"start":{"line":56,"column":4},"end":{"line":56,"column":67}},"23":{"start":{"line":57,"column":4},"end":{"line":57,"column":22}},"24":{"start":{"line":59,"column":4},"end":{"line":59,"column":65}},"25":{"start":{"line":60,"column":4},"end":{"line":60,"column":50}},"26":{"start":{"line":65,"column":0},"end":{"line":83,"column":3}},"27":{"start":{"line":66,"column":2},"end":{"line":82,"column":3}},"28":{"start":{"line":67,"column":46},"end":{"line":67,"column":65}},"29":{"start":{"line":69,"column":19},"end":{"line":76,"column":6}},"30":{"start":{"line":78,"column":4},"end":{"line":78,"column":36}},"31":{"start":{"line":80,"column":4},"end":{"line":80,"column":63}},"32":{"start":{"line":81,"column":4},"end":{"line":81,"column":50}},"33":{"start":{"line":86,"column":0},"end":{"line":110,"column":3}},"34":{"start":{"line":87,"column":2},"end":{"line":109,"column":3}},"35":{"start":{"line":88,"column":46},"end":{"line":88,"column":65}},"36":{"start":{"line":89,"column":17},"end":{"line":89,"column":30}},"37":{"start":{"line":90,"column":19},"end":{"line":92,"column":34}},"38":{"start":{"line":94,"column":26},"end":{"line":103,"column":6}},"39":{"start":{"line":105,"column":4},"end":{"line":105,"column":43}},"40":{"start":{"line":107,"column":4},"end":{"line":107,"column":70}},"41":{"start":{"line":108,"column":4},"end":{"line":108,"column":50}},"42":{"start":{"line":112,"column":0},"end":{"line":112,"column":24}}},"fnMap":{"0":{"name":"(anonymous_0)","decl":{"start":{"line":14,"column":71},"end":{"line":14,"column":72}},"loc":{"start":{"line":14,"column":76},"end":{"line":14,"column":100}},"line":14},"1":{"name":"(anonymous_1)","decl":{"start":{"line":19,"column":29},"end":{"line":19,"column":30}},"loc":{"start":{"line":19,"column":49},"end":{"line":36,"column":1}},"line":19},"2":{"name":"(anonymous_2)","decl":{"start":{"line":39,"column":60},"end":{"line":39,"column":61}},"loc":{"start":{"line":39,"column":80},"end":{"line":62,"column":1}},"line":39},"3":{"name":"(anonymous_3)","decl":{"start":{"line":65,"column":28},"end":{"line":65,"column":29}},"loc":{"start":{"line":65,"column":48},"end":{"line":83,"column":1}},"line":65},"4":{"name":"(anonymous_4)","decl":{"start":{"line":86,"column":35},"end":{"line":86,"column":36}},"loc":{"start":{"line":86,"column":55},"end":{"line":110,"column":1}},"line":86}},"branchMap":{"0":{"loc":{"start":{"line":14,"column":76},"end":{"line":14,"column":100}},"type":"binary-expr","locations":[{"start":{"line":14,"column":76},"end":{"line":14,"column":87}},{"start":{"line":14,"column":91},"end":{"line":14,"column":100}}],"line":14},"1":{"loc":{"start":{"line":30,"column":4},"end":{"line":30,"column":70}},"type":"if","locations":[{"start":{"line":30,"column":4},"end":{"line":30,"column":70}},{"start":{},"end":{}}],"line":30},"2":{"loc":{"start":{"line":45,"column":12},"end":{"line":45,"column":50}},"type":"binary-expr","locations":[{"start":{"line":45,"column":12},"end":{"line":45,"column":34}},{"start":{"line":45,"column":38},"end":{"line":45,"column":50}}],"line":45},"3":{"loc":{"start":{"line":46,"column":12},"end":{"line":46,"column":46}},"type":"binary-expr","locations":[{"start":{"line":46,"column":12},"end":{"line":46,"column":32}},{"start":{"line":46,"column":36},"end":{"line":46,"column":46}}],"line":46},"4":{"loc":{"start":{"line":47,"column":12},"end":{"line":47,"column":63}},"type":"binary-expr","locations":[{"start":{"line":47,"column":12},"end":{"line":47,"column":29}},{"start":{"line":47,"column":33},"end":{"line":47,"column":63}}],"line":47},"5":{"loc":{"start":{"line":47,"column":40},"end":{"line":47,"column":61}},"type":"binary-expr","locations":[{"start":{"line":47,"column":40},"end":{"line":47,"column":53}},{"start":{"line":47,"column":57},"end":{"line":47,"column":61}}],"line":47},"6":{"loc":{"start":{"line":48,"column":12},"end":{"line":48,"column":53}},"type":"binary-expr","locations":[{"start":{"line":48,"column":12},"end":{"line":48,"column":29}},{"start":{"line":48,"column":33},"end":{"line":48,"column":53}}],"line":48},"7":{"loc":{"start":{"line":48,"column":40},"end":{"line":48,"column":51}},"type":"binary-expr","locations":[{"start":{"line":48,"column":40},"end":{"line":48,"column":43}},{"start":{"line":48,"column":47},"end":{"line":48,"column":51}}],"line":48},"8":{"loc":{"start":{"line":90,"column":19},"end":{"line":92,"column":34}},"type":"cond-expr","locations":[{"start":{"line":91,"column":8},"end":{"line":91,"column":33}},{"start":{"line":92,"column":8},"end":{"line":92,"column":34}}],"line":90}},"s":{"0":1,"1":1,"2":1,"3":1,"4":1,"5":1,"6":1,"7":1,"8":1,"9":0,"10":1,"11":1,"12":1,"13":1,"14":0,"15":1,"16":0,"17":0,"18":1,"19":1,"20":1,"21":1,"22":1,"23":1,"24":0,"25":0,"26":1,"27":0,"28":0,"29":0,"30":0,"31":0,"32":0,"33":1,"34":0,"35":0,"36":0,"37":0,"38":0,"39":0,"40":0,"41":0,"42":1},"f":{"0":0,"1":1,"2":1,"3":0,"4":0},"b":{"0":[0,0],"1":[0,1],"2":[1,1],"3":[1,0],"4":[1,1],"5":[1,0],"6":[1,0],"7":[0,0],"8":[0,0]},"_coverageSchema":"1a1c01bbd47fc00a2c39e90264f33305004495a9","hash":"052db469e7972aaa04792aebae57c889017a2bca"}
,"C:\\Users\\USER\\.gemini\\antigravity\\scratch\\McNuels_IncorgniHealth\\server\\utils\\crypto.js": {"path":"C:\\Users\\USER\\.gemini\\antigravity\\scratch\\McNuels_IncorgniHealth\\server\\utils\\crypto.js","statementMap":{"0":{"start":{"line":1,"column":17},"end":{"line":1,"column":37}},"1":{"start":{"line":3,"column":19},"end":{"line":3,"column":76}},"2":{"start":{"line":6,"column":17},"end":{"line":8,"column":1}},"3":{"start":{"line":7,"column":2},"end":{"line":7,"column":42}},"4":{"start":{"line":11,"column":20},"end":{"line":13,"column":1}},"5":{"start":{"line":12,"column":2},"end":{"line":12,"column":75}},"6":{"start":{"line":15,"column":20},"end":{"line":18,"column":1}},"7":{"start":{"line":16,"column":16},"end":{"line":16,"column":60}},"8":{"start":{"line":17,"column":2},"end":{"line":17,"column":55}},"9":{"start":{"line":21,"column":24},"end":{"line":24,"column":1}},"10":{"start":{"line":22,"column":20},"end":{"line":22,"column":59}},"11":{"start":{"line":23,"column":2},"end":{"line":23,"column":32}},"12":{"start":{"line":26,"column":0},"end":{"line":32,"column":2}}},"fnMap":{"0":{"name":"(anonymous_0)","decl":{"start":{"line":6,"column":17},"end":{"line":6,"column":18}},"loc":{"start":{"line":6,"column":27},"end":{"line":8,"column":1}},"line":6},"1":{"name":"(anonymous_1)","decl":{"start":{"line":11,"column":20},"end":{"line":11,"column":21}},"loc":{"start":{"line":11,"column":30},"end":{"line":13,"column":1}},"line":11},"2":{"name":"(anonymous_2)","decl":{"start":{"line":15,"column":20},"end":{"line":15,"column":21}},"loc":{"start":{"line":15,"column":36},"end":{"line":18,"column":1}},"line":15},"3":{"name":"(anonymous_3)","decl":{"start":{"line":21,"column":24},"end":{"line":21,"column":25}},"loc":{"start":{"line":21,"column":30},"end":{"line":24,"column":1}},"line":21}},"branchMap":{"0":{"loc":{"start":{"line":3,"column":19},"end":{"line":3,"column":76}},"type":"binary-expr","locations":[{"start":{"line":3,"column":19},"end":{"line":3,"column":41}},{"start":{"line":3,"column":45},"end":{"line":3,"column":76}}],"line":3}},"s":{"0":1,"1":1,"2":1,"3":3,"4":1,"5":0,"6":1,"7":0,"8":0,"9":1,"10":1,"11":1,"12":1},"f":{"0":3,"1":0,"2":0,"3":1},"b":{"0":[1,1]},"_coverageSchema":"1a1c01bbd47fc00a2c39e90264f33305004495a9","hash":"3cd9ddd3407efe3c3d6e6b3a2caf024e4519fd56"}
,"C:\\Users\\USER\\.gemini\\antigravity\\scratch\\McNuels_IncorgniHealth\\server\\utils\\logger.js": {"path":"C:\\Users\\USER\\.gemini\\antigravity\\scratch\\McNuels_IncorgniHealth\\server\\utils\\logger.js","statementMap":{"0":{"start":{"line":1,"column":16},"end":{"line":1,"column":34}},"1":{"start":{"line":3,"column":55},"end":{"line":3,"column":69}},"2":{"start":{"line":5,"column":14},"end":{"line":5,"column":51}},"3":{"start":{"line":8,"column":18},"end":{"line":11,"column":2}},"4":{"start":{"line":9,"column":18},"end":{"line":9,"column":76}},"5":{"start":{"line":10,"column":2},"end":{"line":10,"column":56}},"6":{"start":{"line":13,"column":15},"end":{"line":26,"column":2}},"7":{"start":{"line":28,"column":0},"end":{"line":28,"column":24}}},"fnMap":{"0":{"name":"(anonymous_0)","decl":{"start":{"line":8,"column":25},"end":{"line":8,"column":26}},"loc":{"start":{"line":8,"column":69},"end":{"line":11,"column":1}},"line":8}},"branchMap":{"0":{"loc":{"start":{"line":9,"column":18},"end":{"line":9,"column":76}},"type":"cond-expr","locations":[{"start":{"line":9,"column":45},"end":{"line":9,"column":71}},{"start":{"line":9,"column":74},"end":{"line":9,"column":76}}],"line":9},"1":{"loc":{"start":{"line":14,"column":9},"end":{"line":14,"column":33}},"type":"cond-expr","locations":[{"start":{"line":14,"column":17},"end":{"line":14,"column":24}},{"start":{"line":14,"column":27},"end":{"line":14,"column":33}}],"line":14},"2":{"loc":{"start":{"line":17,"column":4},"end":{"line":17,"column":51}},"type":"cond-expr","locations":[{"start":{"line":17,"column":12},"end":{"line":17,"column":42}},{"start":{"line":17,"column":45},"end":{"line":17,"column":51}}],"line":17}},"s":{"0":2,"1":2,"2":2,"3":2,"4":3,"5":3,"6":2,"7":2},"f":{"0":3},"b":{"0":[3,0],"1":[2,0],"2":[2,0]},"_coverageSchema":"1a1c01bbd47fc00a2c39e90264f33305004495a9","hash":"fb5d320140cc26e92a8b13526dbc5f5d83075d0d"}
,"C:\\Users\\USER\\.gemini\\antigravity\\scratch\\McNuels_IncorgniHealth\\server\\utils\\pagination.js": {"path":"C:\\Users\\USER\\.gemini\\antigravity\\scratch\\McNuels_IncorgniHealth\\server\\utils\\pagination.js","statementMap":{"0":{"start":{"line":14,"column":16},"end":{"line":14,"column":71}},"1":{"start":{"line":16,"column":25},"end":{"line":19,"column":3}},"2":{"start":{"line":21,"column":2},"end":{"line":24,"column":3}},"3":{"start":{"line":22,"column":4},"end":{"line":22,"column":49}},"4":{"start":{"line":23,"column":4},"end":{"line":23,"column":28}},"5":{"start":{"line":27,"column":20},"end":{"line":27,"column":40}},"6":{"start":{"line":28,"column":17},"end":{"line":28,"column":56}},"7":{"start":{"line":29,"column":23},"end":{"line":29,"column":64}},"8":{"start":{"line":31,"column":4},"end":{"line":35,"column":6}},"9":{"start":{"line":38,"column":2},"end":{"line":38,"column":43}},"10":{"start":{"line":41,"column":0},"end":{"line":41,"column":26}}},"fnMap":{"0":{"name":"paginate","decl":{"start":{"line":13,"column":9},"end":{"line":13,"column":17}},"loc":{"start":{"line":13,"column":30},"end":{"line":39,"column":1}},"line":13},"1":{"name":"buildResponse","decl":{"start":{"line":26,"column":11},"end":{"line":26,"column":24}},"loc":{"start":{"line":26,"column":32},"end":{"line":36,"column":3}},"line":26}},"branchMap":{"0":{"loc":{"start":{"line":13,"column":18},"end":{"line":13,"column":28}},"type":"default-arg","locations":[{"start":{"line":13,"column":26},"end":{"line":13,"column":28}}],"line":13},"1":{"loc":{"start":{"line":14,"column":34},"end":{"line":14,"column":61}},"type":"binary-expr","locations":[{"start":{"line":14,"column":34},"end":{"line":14,"column":55}},{"start":{"line":14,"column":59},"end":{"line":14,"column":61}}],"line":14},"2":{"loc":{"start":{"line":21,"column":2},"end":{"line":24,"column":3}},"type":"if","locations":[{"start":{"line":21,"column":2},"end":{"line":24,"column":3}},{"start":{},"end":{}}],"line":21},"3":{"loc":{"start":{"line":28,"column":17},"end":{"line":28,"column":56}},"type":"cond-expr","locations":[{"start":{"line":28,"column":27},"end":{"line":28,"column":48}},{"start":{"line":28,"column":51},"end":{"line":28,"column":56}}],"line":28},"4":{"loc":{"start":{"line":29,"column":23},"end":{"line":29,"column":64}},"type":"cond-expr","locations":[{"start":{"line":29,"column":33},"end":{"line":29,"column":57}},{"start":{"line":29,"column":60},"end":{"line":29,"column":64}}],"line":29}},"s":{"0":0,"1":0,"2":0,"3":0,"4":0,"5":0,"6":0,"7":0,"8":0,"9":0,"10":1},"f":{"0":0,"1":0},"b":{"0":[0],"1":[0,0],"2":[0,0],"3":[0,0],"4":[0,0]},"_coverageSchema":"1a1c01bbd47fc00a2c39e90264f33305004495a9","hash":"9889c4dcf2e86b7f0e8e23865bb086d00b2793a8"}
}
