TN:
SF:middleware\auth.js
FN:4,(anonymous_0)
FNF:1
FNH:0
FNDA:0,(anonymous_0)
DA:1,1
DA:2,1
DA:4,1
DA:6,0
DA:9,0
DA:10,0
DA:13,0
DA:14,0
DA:15,0
DA:16,0
DA:18,0
LF:11
LH:3
BRDA:9,0,0,0
BRDA:9,0,1,0
BRF:2
BRH:0
end_of_record
TN:
SF:middleware\validate.js
FN:10,validate
FN:11,(anonymous_1)
FN:18,(anonymous_2)
FNF:3
FNH:3
FNDA:8,validate
FNDA:14,(anonymous_1)
FNDA:2,(anonymous_2)
DA:1,2
DA:11,8
DA:12,14
DA:13,14
DA:14,12
DA:15,12
DA:17,2
DA:18,2
DA:22,2
DA:27,0
DA:32,2
LF:11
LH:10
BRDA:10,0,0,8
BRDA:17,1,0,2
BRDA:17,1,1,0
BRDA:18,2,0,2
BRDA:18,2,1,2
BRF:5
BRH:4
end_of_record
TN:
SF:routes\auth.js
FN:43,generateTokenPair
FN:50,handleAuthSuccess
FN:108,(anonymous_2)
FN:145,(anonymous_3)
FN:209,(anonymous_4)
FN:274,(anonymous_5)
FN:318,(anonymous_6)
FN:354,(anonymous_7)
FNF:8
FNH:5
FNDA:3,generateTokenPair
FNDA:3,handleAuthSuccess
FNDA:3,(anonymous_2)
FNDA:4,(anonymous_3)
FNDA:2,(anonymous_4)
FNDA:0,(anonymous_5)
FNDA:0,(anonymous_6)
FNDA:0,(anonymous_7)
DA:1,1
DA:2,1
DA:3,1
DA:4,1
DA:5,1
DA:6,1
DA:7,1
DA:8,1
DA:9,1
DA:10,1
DA:11,1
DA:14,1
DA:17,1
DA:23,1
DA:31,1
DA:35,1
DA:40,1
DA:41,1
DA:44,3
DA:45,3
DA:46,3
DA:51,3
DA:52,3
DA:53,3
DA:55,3
DA:56,0
DA:57,0
DA:58,0
DA:59,0
DA:60,0
DA:63,0
DA:67,3
DA:68,3
DA:69,1
DA:70,1
DA:71,1
DA:72,1
DA:73,1
DA:74,1
DA:78,1
DA:81,1
DA:82,1
DA:91,2
DA:92,2
DA:94,2
DA:99,2
DA:108,1
DA:109,3
DA:110,3
DA:111,3
DA:113,3
DA:117,3
DA:118,1
DA:125,2
DA:126,2
DA:128,2
DA:129,2
DA:131,2
DA:138,0
DA:139,0
DA:145,1
DA:146,4
DA:147,4
DA:148,4
DA:149,4
DA:151,4
DA:155,4
DA:157,2
DA:158,0
DA:162,0
DA:166,2
DA:167,0
DA:171,2
DA:172,0
DA:175,2
DA:176,2
DA:177,1
DA:179,1
DA:182,1
DA:183,1
DA:184,0
DA:187,1
DA:196,1
DA:200,3
DA:202,0
DA:203,0
DA:209,1
DA:210,2
DA:211,2
DA:213,2
DA:214,2
DA:216,0
DA:219,2
DA:220,2
DA:221,2
DA:222,0
DA:225,2
DA:226,0
DA:229,2
DA:230,2
DA:231,2
DA:232,0
DA:235,2
DA:236,2
DA:237,1
DA:241,1
DA:242,1
DA:244,1
DA:249,1
DA:255,0
DA:256,0
DA:261,1
DA:266,1
DA:268,1
DA:269,1
DA:270,1
DA:272,1
DA:274,1
DA:275,0
DA:276,0
DA:279,0
DA:283,0
DA:284,0
DA:285,0
DA:288,0
DA:292,0
DA:293,0
DA:294,0
DA:295,0
DA:298,0
DA:306,0
DA:310,0
DA:312,0
DA:313,0
DA:318,1
DA:319,0
DA:320,0
DA:321,0
DA:323,0
DA:327,0
DA:328,0
DA:331,0
DA:332,0
DA:335,0
DA:340,0
DA:342,0
DA:348,0
DA:349,0
DA:354,1
DA:355,0
DA:356,0
DA:360,0
DA:362,0
DA:363,0
DA:367,1
LF:155
LH:100
BRDA:55,0,0,0
BRDA:55,0,1,3
BRDA:58,1,0,0
BRDA:58,1,1,0
BRDA:58,2,0,0
BRDA:58,2,1,0
BRDA:68,3,0,1
BRDA:68,3,1,2
BRDA:71,4,0,1
BRDA:71,4,1,0
BRDA:85,5,0,1
BRDA:85,5,1,0
BRDA:117,6,0,1
BRDA:117,6,1,2
BRDA:135,7,0,2
BRDA:135,7,1,2
BRDA:155,8,0,2
BRDA:155,8,1,2
BRDA:157,9,0,0
BRDA:157,9,1,2
BRDA:166,10,0,0
BRDA:166,10,1,2
BRDA:171,11,0,0
BRDA:171,11,1,2
BRDA:176,12,0,1
BRDA:176,12,1,1
BRDA:176,13,0,2
BRDA:176,13,1,2
BRDA:176,13,2,2
BRDA:190,14,0,1
BRDA:190,14,1,0
BRDA:221,15,0,0
BRDA:221,15,1,2
BRDA:221,16,0,2
BRDA:221,16,1,2
BRDA:225,17,0,0
BRDA:225,17,1,2
BRDA:231,18,0,0
BRDA:231,18,1,2
BRDA:236,19,0,1
BRDA:236,19,1,1
BRDA:269,20,0,1
BRDA:269,20,1,0
BRDA:292,21,0,0
BRDA:292,21,1,0
BRDA:303,22,0,0
BRDA:303,22,1,0
BRDA:327,23,0,0
BRDA:327,23,1,0
BRF:49
BRH:28
end_of_record
TN:
SF:routes\user.js
FN:16,(anonymous_0)
FN:18,(anonymous_1)
FN:22,(anonymous_2)
FN:42,(anonymous_3)
FN:68,(anonymous_4)
FN:89,(anonymous_5)
FN:116,(anonymous_6)
FN:131,(anonymous_7)
FN:134,(anonymous_8)
FN:160,(anonymous_9)
FN:201,(anonymous_10)
FN:284,(anonymous_11)
FNF:12
FNH:4
FNDA:0,(anonymous_0)
FNDA:0,(anonymous_1)
FNDA:1,(anonymous_2)
FNDA:1,(anonymous_3)
FNDA:0,(anonymous_4)
FNDA:0,(anonymous_5)
FNDA:0,(anonymous_6)
FNDA:0,(anonymous_7)
FNDA:0,(anonymous_8)
FNDA:0,(anonymous_9)
FNDA:2,(anonymous_10)
FNDA:1,(anonymous_11)
DA:1,1
DA:2,1
DA:3,1
DA:4,1
DA:5,1
DA:6,1
DA:7,1
DA:8,1
DA:11,1
DA:16,0
DA:18,0
DA:22,1
DA:23,1
DA:24,1
DA:33,1
DA:34,1
DA:36,0
DA:37,0
DA:42,1
DA:43,1
DA:44,1
DA:45,1
DA:59,1
DA:60,1
DA:62,0
DA:63,0
DA:68,1
DA:69,0
DA:70,0
DA:72,0
DA:81,0
DA:83,0
DA:84,0
DA:89,1
DA:90,0
DA:91,0
DA:92,0
DA:93,0
DA:97,0
DA:108,0
DA:110,0
DA:111,0
DA:116,1
DA:117,0
DA:118,0
DA:131,0
DA:132,0
DA:133,0
DA:134,0
DA:137,0
DA:149,0
DA:151,0
DA:152,0
DA:157,1
DA:158,1
DA:160,1
DA:161,0
DA:162,0
DA:163,0
DA:164,0
DA:165,0
DA:167,0
DA:168,0
DA:171,0
DA:172,0
DA:177,0
DA:178,0
DA:182,0
DA:183,0
DA:187,0
DA:189,0
DA:190,0
DA:195,1
DA:201,1
DA:202,2
DA:203,2
DA:206,2
DA:207,2
DA:209,2
DA:210,2
DA:211,1
DA:214,1
DA:215,1
DA:218,1
DA:226,1
DA:235,1
DA:247,1
DA:248,1
DA:249,1
DA:261,1
DA:267,1
DA:271,1
DA:272,1
DA:275,1
DA:276,1
DA:278,0
DA:279,0
DA:284,1
DA:285,1
DA:287,1
DA:302,1
DA:303,1
DA:305,0
DA:306,0
DA:310,1
LF:105
LH:55
BRDA:16,0,0,0
BRDA:16,0,1,0
BRDA:18,1,0,0
BRDA:18,1,1,0
BRDA:33,2,0,0
BRDA:33,2,1,1
BRDA:48,3,0,1
BRDA:48,3,1,1
BRDA:49,4,0,1
BRDA:49,4,1,0
BRDA:50,5,0,1
BRDA:50,5,1,1
BRDA:50,6,0,1
BRDA:50,6,1,0
BRDA:51,7,0,1
BRDA:51,7,1,0
BRDA:51,8,0,0
BRDA:51,8,1,0
BRDA:63,9,0,0
BRDA:63,9,1,0
BRDA:93,10,0,0
BRDA:93,10,1,0
BRDA:133,11,0,0
BRDA:133,11,1,0
BRDA:164,12,0,0
BRDA:164,12,1,0
BRDA:164,13,0,0
BRDA:164,13,1,0
BRDA:167,14,0,0
BRDA:167,14,1,0
BRDA:171,15,0,0
BRDA:171,15,1,0
BRDA:177,16,0,0
BRDA:177,16,1,0
BRDA:207,17,0,0
BRDA:207,17,1,2
BRDA:207,18,0,2
BRDA:207,18,1,2
BRDA:210,19,0,1
BRDA:210,19,1,1
BRF:40
BRH:13
end_of_record
TN:
SF:utils\crypto.js
FN:9,(anonymous_0)
FN:15,(anonymous_1)
FN:19,(anonymous_2)
FN:25,(anonymous_3)
FNF:4
FNH:4
FNDA:16,(anonymous_0)
FNDA:3,(anonymous_1)
FNDA:2,(anonymous_2)
FNDA:1,(anonymous_3)
DA:1,1
DA:3,1
DA:4,1
DA:5,0
DA:9,1
DA:10,16
DA:11,16
DA:15,1
DA:16,3
DA:19,1
DA:20,2
DA:21,2
DA:25,1
DA:26,1
DA:27,1
DA:28,1
DA:29,6
DA:31,1
DA:34,1
LF:19
LH:18
BRDA:4,0,0,0
BRDA:4,0,1,1
BRDA:10,1,0,16
BRDA:10,1,1,16
BRF:4
BRH:3
end_of_record
TN:
SF:utils\logger.js
FN:8,(anonymous_0)
FNF:1
FNH:1
FNDA:7,(anonymous_0)
DA:1,2
DA:3,2
DA:5,2
DA:8,2
DA:9,7
DA:10,7
DA:13,2
DA:30,2
LF:8
LH:8
BRDA:9,0,0,7
BRDA:9,0,1,0
BRDA:14,1,0,2
BRDA:14,1,1,0
BRDA:17,2,0,2
BRDA:17,2,1,0
BRDA:22,3,0,0
BRDA:22,3,1,2
BRDA:22,4,0,2
BRDA:22,4,1,0
BRF:10
BRH:5
end_of_record
TN:
SF:utils\notify.js
FN:11,createNotification
FNF:1
FNH:1
FNDA:1,createNotification
DA:1,1
DA:2,1
DA:12,1
DA:13,1
DA:17,0
DA:21,1
LF:6
LH:5
BRF:0
BRH:0
end_of_record
TN:
SF:utils\pagination.js
FN:13,paginate
FN:26,buildResponse
FNF:2
FNH:0
FNDA:0,paginate
FNDA:0,buildResponse
DA:14,0
DA:16,0
DA:21,0
DA:22,0
DA:23,0
DA:27,0
DA:28,0
DA:29,0
DA:31,0
DA:38,0
DA:41,1
LF:11
LH:1
BRDA:13,0,0,0
BRDA:14,1,0,0
BRDA:14,1,1,0
BRDA:21,2,0,0
BRDA:21,2,1,0
BRDA:28,3,0,0
BRDA:28,3,1,0
BRDA:29,4,0,0
BRDA:29,4,1,0
BRF:9
BRH:0
end_of_record
TN:
SF:utils\totp.js
FN:6,base32Decode
FN:31,generateSecret
FN:44,getTOTPCode
FN:70,verifyTOTP
FNF:4
FNH:4
FNDA:6,base32Decode
FNDA:1,generateSecret
FNDA:6,getTOTPCode
FNDA:2,verifyTOTP
DA:1,1
DA:7,6
DA:8,6
DA:9,6
DA:10,6
DA:11,6
DA:12,6
DA:13,6
DA:15,6
DA:16,108
DA:17,108
DA:18,108
DA:19,108
DA:20,108
DA:21,66
DA:22,66
DA:25,6
DA:32,1
DA:33,1
DA:34,1
DA:35,1
DA:36,16
DA:38,1
DA:45,6
DA:46,6
DA:47,6
DA:49,6
DA:50,6
DA:52,6
DA:53,6
DA:54,6
DA:56,6
DA:57,6
DA:64,6
DA:71,2
DA:73,2
DA:74,5
DA:75,1
DA:78,1
DA:81,1
LF:40
LH:40
BRDA:17,0,0,0
BRDA:17,0,1,108
BRDA:20,1,0,66
BRDA:20,1,1,42
BRDA:31,2,0,1
BRDA:44,3,0,1
BRDA:74,4,0,1
BRDA:74,4,1,4
BRF:8
BRH:7
end_of_record
