TN:
SF:middleware\auth.js
FN:4,(anonymous_0)
FNF:1
FNH:0
FNDA:0,(anonymous_0)
DA:1,1
DA:2,1
DA:4,1
DA:6,0
DA:9,0
DA:10,0
DA:13,0
DA:14,0
DA:15,0
DA:16,0
DA:18,0
LF:11
LH:3
BRDA:9,0,0,0
BRDA:9,0,1,0
BRF:2
BRH:0
end_of_record
TN:
SF:middleware\validate.js
FN:10,validate
FN:11,(anonymous_1)
FN:18,(anonymous_2)
FNF:3
FNH:3
FNDA:4,validate
FNDA:6,(anonymous_1)
FNDA:2,(anonymous_2)
DA:1,2
DA:11,4
DA:12,6
DA:13,6
DA:14,4
DA:15,4
DA:17,2
DA:18,2
DA:22,2
DA:27,0
DA:32,2
LF:11
LH:10
BRDA:10,0,0,4
BRDA:17,1,0,2
BRDA:17,1,1,0
BRDA:18,2,0,2
BRDA:18,2,1,2
BRF:5
BRH:4
end_of_record
TN:
SF:routes\auth.js
FN:34,generateTokenPair
FN:41,(anonymous_1)
FN:81,(anonymous_2)
FN:117,(anonymous_3)
FN:153,(anonymous_4)
FNF:5
FNH:3
FNDA:1,generateTokenPair
FNDA:1,(anonymous_1)
FNDA:2,(anonymous_2)
FNDA:0,(anonymous_3)
FNDA:0,(anonymous_4)
DA:1,1
DA:2,1
DA:3,1
DA:4,1
DA:5,1
DA:6,1
DA:7,1
DA:8,1
DA:9,1
DA:10,1
DA:11,1
DA:14,1
DA:19,1
DA:24,1
DA:29,1
DA:31,1
DA:32,1
DA:35,1
DA:36,1
DA:37,1
DA:41,1
DA:42,1
DA:43,1
DA:44,1
DA:46,1
DA:50,1
DA:51,0
DA:54,1
DA:55,1
DA:56,0
DA:59,1
DA:64,1
DA:65,1
DA:67,1
DA:69,1
DA:75,0
DA:76,0
DA:81,1
DA:82,2
DA:84,2
DA:85,1
DA:88,1
DA:89,1
DA:90,1
DA:91,1
DA:93,1
DA:94,1
DA:97,1
DA:98,1
DA:103,1
DA:105,1
DA:111,0
DA:112,0
DA:117,1
DA:118,0
DA:119,0
DA:120,0
DA:122,0
DA:126,0
DA:127,0
DA:130,0
DA:131,0
DA:134,0
DA:139,0
DA:141,0
DA:147,0
DA:148,0
DA:153,1
DA:154,0
DA:155,0
DA:159,0
DA:161,0
DA:162,0
DA:166,1
LF:74
LH:50
BRDA:50,0,0,0
BRDA:50,0,1,1
BRDA:84,1,0,1
BRDA:84,1,1,1
BRDA:91,2,0,0
BRDA:91,2,1,1
BRDA:126,3,0,0
BRDA:126,3,1,0
BRF:8
BRH:4
end_of_record
TN:
SF:routes\user.js
FN:14,(anonymous_0)
FN:19,(anonymous_1)
FN:39,(anonymous_2)
FN:65,(anonymous_3)
FN:86,(anonymous_4)
FNF:5
FNH:2
FNDA:0,(anonymous_0)
FNDA:1,(anonymous_1)
FNDA:1,(anonymous_2)
FNDA:0,(anonymous_3)
FNDA:0,(anonymous_4)
DA:1,1
DA:2,1
DA:3,1
DA:4,1
DA:5,1
DA:6,1
DA:7,1
DA:8,1
DA:11,1
DA:14,0
DA:19,1
DA:20,1
DA:21,1
DA:30,1
DA:31,1
DA:33,0
DA:34,0
DA:39,1
DA:40,1
DA:41,1
DA:42,1
DA:56,1
DA:57,1
DA:59,0
DA:60,0
DA:65,1
DA:66,0
DA:67,0
DA:69,0
DA:78,0
DA:80,0
DA:81,0
DA:86,1
DA:87,0
DA:88,0
DA:89,0
DA:90,0
DA:94,0
DA:105,0
DA:107,0
DA:108,0
DA:112,1
LF:42
LH:23
BRDA:14,0,0,0
BRDA:14,0,1,0
BRDA:30,1,0,0
BRDA:30,1,1,1
BRDA:45,2,0,1
BRDA:45,2,1,1
BRDA:46,3,0,1
BRDA:46,3,1,0
BRDA:47,4,0,1
BRDA:47,4,1,1
BRDA:47,5,0,1
BRDA:47,5,1,0
BRDA:48,6,0,1
BRDA:48,6,1,0
BRDA:48,7,0,0
BRDA:48,7,1,0
BRDA:90,8,0,0
BRDA:90,8,1,0
BRF:18
BRH:8
end_of_record
TN:
SF:utils\crypto.js
FN:6,(anonymous_0)
FN:11,(anonymous_1)
FN:15,(anonymous_2)
FN:21,(anonymous_3)
FNF:4
FNH:2
FNDA:3,(anonymous_0)
FNDA:0,(anonymous_1)
FNDA:0,(anonymous_2)
FNDA:1,(anonymous_3)
DA:1,1
DA:3,1
DA:6,1
DA:7,3
DA:11,1
DA:12,0
DA:15,1
DA:16,0
DA:17,0
DA:21,1
DA:22,1
DA:23,1
DA:26,1
LF:13
LH:10
BRDA:3,0,0,1
BRDA:3,0,1,1
BRF:2
BRH:2
end_of_record
TN:
SF:utils\logger.js
FN:8,(anonymous_0)
FNF:1
FNH:1
FNDA:3,(anonymous_0)
DA:1,2
DA:3,2
DA:5,2
DA:8,2
DA:9,3
DA:10,3
DA:13,2
DA:28,2
LF:8
LH:8
BRDA:9,0,0,3
BRDA:9,0,1,0
BRDA:14,1,0,2
BRDA:14,1,1,0
BRDA:17,2,0,2
BRDA:17,2,1,0
BRF:6
BRH:3
end_of_record
TN:
SF:utils\pagination.js
FN:13,paginate
FN:26,buildResponse
FNF:2
FNH:0
FNDA:0,paginate
FNDA:0,buildResponse
DA:14,0
DA:16,0
DA:21,0
DA:22,0
DA:23,0
DA:27,0
DA:28,0
DA:29,0
DA:31,0
DA:38,0
DA:41,1
LF:11
LH:1
BRDA:13,0,0,0
BRDA:14,1,0,0
BRDA:14,1,1,0
BRDA:21,2,0,0
BRDA:21,2,1,0
BRDA:28,3,0,0
BRDA:28,3,1,0
BRDA:29,4,0,0
BRDA:29,4,1,0
BRF:9
BRH:0
end_of_record
